<?xml version="1.0" encoding="UTF-8"?>
<!-- Generated by org.testng.reporters.JUnitXMLReporter -->
<testsuite hostname="Kolosov-PC" name="Default test" tests="6" failures="0" timestamp="20 Dec 2014 17:11:07 GMT" time="18.105" errors="0">
  <testcase name="testEmptyPhoneCreation" time="2.488" classname="com.example.tests.AdressCreateTest"/>
  <testcase name="testNonEmptyPhoneCreation" time="2.4" classname="com.example.tests.AdressCreateTest"/>
  <testcase name="testEmptyGroupCreation" time="1.413" classname="com.example.tests.GroupeCreationTests"/>
  <testcase name="testNonEmptyGroupCreation" time="1.15" classname="com.example.tests.GroupeCreationTests"/>
  <testcase name="modifyGroup" time="1.348" classname="com.example.tests.GroupeMidifyTest"/>
  <testcase name="deleteGroup" time="0.948" classname="com.example.tests.GroupeRemoveTest"/>
</testsuite> <!-- Default test -->
