<?xml version="1.0" encoding="UTF-8"?>
<!-- Generated by org.testng.reporters.JUnitXMLReporter -->
<testsuite hostname="gazmeeva-s" name="Default test" tests="12" failures="0" timestamp="30 Jan 2015 09:51:33 GMT" time="172.776" errors="0">
  <testcase name="testAddressCreationwithValidData" time="50.599" classname="com.example.tests.AddressCreateTest"/>
  <testcase name="testAddressCreationwithValidData" time="22.775" classname="com.example.tests.AddressCreateTest"/>
  <testcase name="modifyAddress" time="23.583" classname="com.example.tests.AddressModifyTest"/>
  <testcase name="modifyAddress" time="21.652" classname="com.example.tests.AddressModifyTest"/>
  <testcase name="deleteAddress" time="13.985" classname="com.example.tests.AddressRemoveTest"/>
  <testcase name="deleteAddress" time="15.041" classname="com.example.tests.AddressRemoveTest"/>
  <testcase name="testGroupCreationwithValidData" time="7.539" classname="com.example.tests.GroupeCreationTests"/>
  <testcase name="testGroupCreationwithValidData" time="4.456" classname="com.example.tests.GroupeCreationTests"/>
  <testcase name="modifyGroup" time="4.044" classname="com.example.tests.GroupeMidifyTest"/>
  <testcase name="modifyGroup" time="3.311" classname="com.example.tests.GroupeMidifyTest"/>
  <testcase name="deleteGroup" time="2.902" classname="com.example.tests.GroupeRemoveTest"/>
  <testcase name="deleteGroup" time="2.5" classname="com.example.tests.GroupeRemoveTest"/>
</testsuite> <!-- Default test -->
