<?xml version="1.0" encoding="UTF-8"?>
<!-- Generated by org.testng.reporters.JUnitXMLReporter -->
<testsuite hostname="gazmeeva-s" name="Default test" tests="12" failures="0" timestamp="28 Jan 2015 09:46:08 GMT" time="174.933" errors="0">
  <testcase name="testAddressCreationwithValidData" time="51.758" classname="com.example.tests.AddressCreateTest"/>
  <testcase name="testAddressCreationwithValidData" time="21.207" classname="com.example.tests.AddressCreateTest"/>
  <testcase name="modifyAddress" time="22.825" classname="com.example.tests.AddressModifyTest"/>
  <testcase name="modifyAddress" time="22.539" classname="com.example.tests.AddressModifyTest"/>
  <testcase name="deleteAddress" time="15.037" classname="com.example.tests.AddressRemoveTest"/>
  <testcase name="deleteAddress" time="16.62" classname="com.example.tests.AddressRemoveTest"/>
  <testcase name="testGroupCreationwithValidData" time="6.984" classname="com.example.tests.GroupeCreationTests"/>
  <testcase name="testGroupCreationwithValidData" time="3.871" classname="com.example.tests.GroupeCreationTests"/>
  <testcase name="modifyGroup" time="3.541" classname="com.example.tests.GroupeMidifyTest"/>
  <testcase name="modifyGroup" time="3.594" classname="com.example.tests.GroupeMidifyTest"/>
  <testcase name="deleteGroup" time="3.303" classname="com.example.tests.GroupeRemoveTest"/>
  <testcase name="deleteGroup" time="2.908" classname="com.example.tests.GroupeRemoveTest"/>
</testsuite> <!-- Default test -->
