<?xml version="1.0" encoding="UTF-8"?>
<!-- Generated by org.testng.reporters.JUnitXMLReporter -->
<testsuite hostname="Kolosov-PC" name="Default test" tests="5" failures="0" timestamp="6 Jan 2015 21:54:17 GMT" time="60.465" errors="0">
  <testcase name="testAddressCreationwithValidData" time="13.552" classname="com.example.tests.AdressCreateTest"/>
  <testcase name="testAddressCreationwithValidData" time="9.974" classname="com.example.tests.AdressCreateTest"/>
  <testcase name="testAddressCreationwithValidData" time="10.184" classname="com.example.tests.AdressCreateTest"/>
  <testcase name="testAddressCreationwithValidData" time="10.018" classname="com.example.tests.AdressCreateTest"/>
  <testcase name="testAddressCreationwithValidData" time="10.768" classname="com.example.tests.AdressCreateTest"/>
</testsuite> <!-- Default test -->
