<?xml version="1.0" encoding="UTF-8"?>
<!-- Generated by org.testng.reporters.JUnitXMLReporter -->
<testsuite hostname="gazmeeva-s" name="Default test" tests="2" failures="0" timestamp="5 Feb 2015 05:41:23 GMT" time="26.432" errors="0">
  <testcase name="testAddressCreationwithValidData" time="18.76" classname="com.example.tests.AddressCreateTest"/>
  <testcase name="testAddressCreationwithValidData" time="3.474" classname="com.example.tests.AddressCreateTest"/>
</testsuite> <!-- Default test -->
