<?xml version="1.0" encoding="UTF-8"?>
<!-- Generated by org.testng.reporters.JUnitXMLReporter -->
<testsuite hostname="gazmeeva-s" name="Default test" tests="24" failures="4" timestamp="12 Jan 2015 13:21:41 GMT" time="375.904" errors="0">
  <testcase name="testAddressCreationwithValidData" time="50.3" classname="com.example.tests.AdressCreateTest"/>
  <testcase name="testAddressCreationwithValidData" time="27.476" classname="com.example.tests.AdressCreateTest"/>
  <testcase name="testAddressCreationwithValidData" time="25.893" classname="com.example.tests.AdressCreateTest"/>
  <testcase name="testAddressCreationwithValidData" time="23.458" classname="com.example.tests.AdressCreateTest"/>
  <testcase name="testAddressCreationwithValidData" time="24.39" classname="com.example.tests.AdressCreateTest"/>
  <testcase name="modifyAddress" time="24.6" classname="com.example.tests.AddressModifyTest"/>
  <testcase name="modifyAddress" time="23.253" classname="com.example.tests.AddressModifyTest"/>
  <testcase name="modifyAddress" time="25.596" classname="com.example.tests.AddressModifyTest"/>
  <testcase name="modifyAddress" time="22.81" classname="com.example.tests.AddressModifyTest"/>
  <testcase name="modifyAddress" time="24.163" classname="com.example.tests.AddressModifyTest"/>
  <testcase name="deleteAddress" time="21.521" classname="com.example.tests.AddressRemoveTest"/>
  <testcase name="deleteAddress" time="5.065" classname="com.example.tests.AddressRemoveTest">
    <failure type="java.lang.AssertionError" message="
Expected: &amp;lt;[AddressDate [lastname= ,fname= ,  address=null, home=, mobile=null, work=null, email= , email2=null, bday=null, bmonth=null, byear=null, groupdate=null, address2=null, phone2=null], AddressDate [lastname= ,fname= ,  address=null, home=, mobile=null, work=null, email= , email2=null, bday=null, bmonth=null, byear=null, groupdate=null, address2=null, phone2=null], AddressDate [lastname= ,fname= ,  address=null, home=, mobile=null, work=null, email= , email2=null, bday=null, bmonth=null, byear=null, groupdate=null, address2=null, phone2=null], AddressDate [lastname= ,fname= ,  address=null, home=test-913265716, mobile=null, work=null, email=test-1454078984, email2=null, bday=null, bmonth=null, byear=null, groupdate=null, address2=null, phone2=null], AddressDate [lastname= ,fname= ,  address=null, home=test884147755, mobile=null, work=null, email=test1064694320, email2=null, bday=null, bmonth=null, byear=null, groupdate=null, address2=null, phone2=null], AddressDate [lastname= ,fname=test-1728342956,  address=null, home=test-319661862, mobile=null, work=null, email=test-284583621, email2=null, bday=null, bmonth=null, byear=null, groupdate=null, address2=null, phone2=null], AddressDate [lastname= ,fname=test-1934508600,  address=null, home=test571187175, mobile=null, work=null, email= , email2=null, bday=null, bmonth=null, byear=null, groupdate=null, address2=null, phone2=null], AddressDate [lastname= ,fname=test-1934508600,  address=null, home=test571187175, mobile=null, work=null, email= , email2=null, bday=null, bmonth=null, byear=null, groupdate=null, address2=null, phone2=null], AddressDate [lastname= ,fname=test-1994102771,  address=null, home=test662358647, mobile=null, work=null, email=test-322430271, email2=null, bday=null, bmonth=null, byear=null, groupdate=null, address2=null, phone2=null], AddressDate [lastname= ,fname=test-363972883,  address=null, home=test331179509, mobile=null, work=null, email=test972631318, email2=null, bday=null, bmonth=null, byear=null, groupdate=null, address2=null, phone2=null], AddressDate [lastname= ,fname=test-363972883,  address=null, home=test331179509, mobile=null, work=null, email=test972631318, email2=null, bday=null, bmonth=null, byear=null, groupdate=null, address2=null, phone2=null], AddressDate [lastname= ,fname=test-363972883,  address=null, home=test331179509, mobile=null, work=null, email=test972631318, email2=null, bday=null, bmonth=null, byear=null, groupdate=null, address2=null, phone2=null], AddressDate [lastname= ,fname=test1342745566,  address=null, home=test1475480208, mobile=null, work=null, email=test963430001, email2=null, bday=null, bmonth=null, byear=null, groupdate=null, address2=null, phone2=null], AddressDate [lastname= ,fname=test1633339812,  address=null, home=, mobile=null, work=null, email=test-1210181164, email2=null, bday=null, bmonth=null, byear=null, groupdate=null, address2=null, phone2=null], AddressDate [lastname= ,fname=test1705130742,  address=null, home=test-941816714, mobile=null, work=null, email=test130592620, email2=null, bday=null, bmonth=null, byear=null, groupdate=null, address2=null, phone2=null], AddressDate [lastname= ,fname=test1925972037,  address=null, home=, mobile=null, work=null, email=test-1068091960, email2=null, bday=null, bmonth=null, byear=null, groupdate=null, address2=null, phone2=null], AddressDate [lastname= ,fname=test541380731,  address=null, home=test-1854661648, mobile=null, work=null, email=test-220470787, email2=null, bday=null, bmonth=null, byear=null, groupdate=null, address2=null, phone2=null], AddressDate [lastname= ,fname=test97743923,  address=null, home=test-1459190317, mobile=null, work=null, email= , email2=null, bday=null, bmonth=null, byear=null, groupdate=null, address2=null, phone2=null], AddressDate [lastname=test-100182809,fname=test484017362,  address=null, home=test-190642635, mobile=null, work=null, email=test2037749577, email2=null, bday=null, bmonth=null, byear=null, groupdate=null, address2=null, phone2=null], AddressDate [lastname=test-1143096963,fname=test-1110043187,  address=null, home=test-224934943, mobile=null, work=null, email= , email2=null, bday=null, bmonth=null, byear=null, groupdate=null, address2=null, phone2=null], AddressDate [lastname=test-1143096963,fname=test-1110043187,  address=null, home=test-224934943, mobile=null, work=null, email= , email2=null, bday=null, bmonth=null, byear=null, groupdate=null, address2=null, phone2=null], AddressDate [lastname=test-1143096963,fname=test-1110043187,  address=null, home=test-224934943, mobile=null, work=null, email= , email2=null, bday=null, bmonth=null, byear=null, groupdate=null, address2=null, phone2=null], AddressDate [lastname=test-1143096963,fname=test-1110043187,  address=null, home=test-224934943, mobile=null, work=null, email= , email2=null, bday=null, bmonth=null, byear=null, groupdate=null, address2=null, phone2=null], AddressDate [lastname=test-1143096963,fname=test-1110043187,  address=null, home=test-224934943, mobile=null, work=null, email= , email2=null, bday=null, bmonth=null, byear=null, groupdate=null, address2=null, phone2=null], AddressDate [lastname=test-1143096963,fname=test-1110043187,  address=null, home=test-224934943, mobile=null, work=null, email= , email2=null, bday=null, bmonth=null, byear=null, groupdate=null, address2=null, phone2=null], AddressDate [lastname=test-1143096963,fname=test-1110043187,  address=null, home=test-224934943, mobile=null, work=null, email= , email2=null, bday=null, bmonth=null, byear=null, groupdate=null, address2=null, phone2=null], AddressDate [lastname=test-1143096963,fname=test-1110043187,  address=null, home=test-224934943, mobile=null, work=null, email= , email2=null, bday=null, bmonth=null, byear=null, groupdate=null, address2=null, phone2=null], AddressDate [lastname=test-1143096963,fname=test-1110043187,  address=null, home=test-224934943, mobile=null, work=null, email= , email2=null, bday=null, bmonth=null, byear=null, groupdate=null, address2=null, phone2=null], AddressDate [lastname=test-1143096963,fname=test-1110043187,  address=null, home=test-224934943, mobile=null, work=null, email= , email2=null, bday=null, bmonth=null, byear=null, groupdate=null, address2=null, phone2=null], AddressDate [lastname=test-1220445140,fname=test-914663629,  address=null, home=test1274515875, mobile=null, work=null, email=test-1865110537, email2=null, bday=null, bmonth=null, byear=null, groupdate=null, address2=null, phone2=null], AddressDate [lastname=test-131613741,fname= ,  address=null, home=test1035512310, mobile=null, work=null, email= , email2=null, bday=null, bmonth=null, byear=null, groupdate=null, address2=null, phone2=null], AddressDate [lastname=test-1358731221,fname= ,  address=null, home=test-84350440, mobile=null, work=null, email= , email2=null, bday=null, bmonth=null, byear=null, groupdate=null, address2=null, phone2=null], AddressDate [lastname=test-1462061411,fname= ,  address=null, home=test-156411585, mobile=null, work=null, email=test991501921, email2=null, bday=null, bmonth=null, byear=null, groupdate=null, address2=null, phone2=null], AddressDate [lastname=test-1518684246,fname=test361247214,  address=null, home=test-186204961, mobile=null, work=null, email= , email2=null, bday=null, bmonth=null, byear=null, groupdate=null, address2=null, phone2=null], AddressDate [lastname=test-1571058135,fname=test-899315592,  address=null, home=test-1579408519, mobile=null, work=null, email= , email2=null, bday=null, bmonth=null, byear=null, groupdate=null, address2=null, phone2=null], AddressDate [lastname=test-1571058135,fname=test-899315592,  address=null, home=test-1579408519, mobile=null, work=null, email= , email2=null, bday=null, bmonth=null, byear=null, groupdate=null, address2=null, phone2=null], AddressDate [lastname=test-1571058135,fname=test-899315592,  address=null, home=test-1579408519, mobile=null, work=null, email= , email2=null, bday=null, bmonth=null, byear=null, groupdate=null, address2=null, phone2=null], AddressDate [lastname=test-1571058135,fname=test-899315592,  address=null, home=test-1579408519, mobile=null, work=null, email= , email2=null, bday=null, bmonth=null, byear=null, groupdate=null, address2=null, phone2=null], AddressDate [lastname=test-1669935938,fname=test1376145278,  address=null, home=test-1824781483, mobile=null, work=null, email=test1304140860, email2=null, bday=null, bmonth=null, byear=null, groupdate=null, address2=null, phone2=null], AddressDate [lastname=test-1695030511,fname= ,  address=null, home=test-736967298, mobile=null, work=null, email=test-618598298, email2=null, bday=null, bmonth=null, byear=null, groupdate=null, address2=null, phone2=null], AddressDate [lastname=test-1695030511,fname= ,  address=null, home=test-736967298, mobile=null, work=null, email=test-618598298, email2=null, bday=null, bmonth=null, byear=null, groupdate=null, address2=null, phone2=null], AddressDate [lastname=test-1695030511,fname= ,  address=null, home=test-736967298, mobile=null, work=null, email=test-618598298, email2=null, bday=null, bmonth=null, byear=null, groupdate=null, address2=null, phone2=null], AddressDate [lastname=test-1833078389,fname=test1906590431,  address=null, home=test-823202819, mobile=null, work=null, email=test1327025694, email2=null, bday=null, bmonth=null, byear=null, groupdate=null, address2=null, phone2=null], AddressDate [lastname=test-1949429929,fname=test-1165448719,  address=null, home=, mobile=null, work=null, email= , email2=null, bday=null, bmonth=null, byear=null, groupdate=null, address2=null, phone2=null], AddressDate [lastname=test-2098040597,fname= ,  address=null, home=test-1036305103, mobile=null, work=null, email=test-423485633, email2=null, bday=null, bmonth=null, byear=null, groupdate=null, address2=null, phone2=null], AddressDate [lastname=test-515729755,fname=test120416244,  address=null, home=, mobile=null, work=null, email=test-1921454938, email2=null, bday=null, bmonth=null, byear=null, groupdate=null, address2=null, phone2=null], AddressDate [lastname=test-534773548,fname=test908315344,  address=null, home=, mobile=null, work=null, email=test-1327149591, email2=null, bday=null, bmonth=null, byear=null, groupdate=null, address2=null, phone2=null], AddressDate [lastname=test-627046500,fname= ,  address=null, home=test-550316261, mobile=null, work=null, email=test1714049108, email2=null, bday=null, bmonth=null, byear=null, groupdate=null, address2=null, phone2=null], AddressDate [lastname=test-724017412,fname=test562357777,  address=null, home=test-826967850, mobile=null, work=null, email=test-2128325842, email2=null, bday=null, bmonth=null, byear=null, groupdate=null, address2=null, phone2=null], AddressDate [lastname=test-754997970,fname= ,  address=null, home=test-369410884, mobile=null, work=null, email=test1901012468, email2=null, bday=null, bmonth=null, byear=null, groupdate=null, address2=null, phone2=null], AddressDate [lastname=test-754997970,fname= ,  address=null, home=test-369410884, mobile=null, work=null, email=test1901012468, email2=null, bday=null, bmonth=null, byear=null, groupdate=null, address2=null, phone2=null], AddressDate [lastname=test-88896368,fname= ,  address=null, home=, mobile=null, work=null, email= , email2=null, bday=null, bmonth=null, byear=null, groupdate=null, address2=null, phone2=null], AddressDate [lastname=test1008676398,fname=test406978671,  address=null, home=test-248166911, mobile=null, work=null, email=test-22155359, email2=null, bday=null, bmonth=null, byear=null, groupdate=null, address2=null, phone2=null], AddressDate [lastname=test1045079932,fname= ,  address=null, home=test-2039253770, mobile=null, work=null, email= , email2=null, bday=null, bmonth=null, byear=null, groupdate=null, address2=null, phone2=null], AddressDate [lastname=test1045079932,fname= ,  address=null, home=test-2039253770, mobile=null, work=null, email= , email2=null, bday=null, bmonth=null, byear=null, groupdate=null, address2=null, phone2=null], AddressDate [lastname=test1045079932,fname= ,  address=null, home=test-2039253770, mobile=null, work=null, email= , email2=null, bday=null, bmonth=null, byear=null, groupdate=null, address2=null, phone2=null], AddressDate [lastname=test1066835376,fname=test-141809130,  address=null, home=test692601531, mobile=null, work=null, email=test-1803262035, email2=null, bday=null, bmonth=null, byear=null, groupdate=null, address2=null, phone2=null], AddressDate [lastname=test1133487473,fname= ,  address=null, home=test278197484, mobile=null, work=null, email=test455764933, email2=null, bday=null, bmonth=null, byear=null, groupdate=null, address2=null, phone2=null], AddressDate [lastname=test1186467014,fname= ,  address=null, home=, mobile=null, work=null, email= , email2=null, bday=null, bmonth=null, byear=null, groupdate=null, address2=null, phone2=null], AddressDate [lastname=test1384891923,fname=test-1916398000,  address=null, home=, mobile=null, work=null, email=test-291681808, email2=null, bday=null, bmonth=null, byear=null, groupdate=null, address2=null, phone2=null], AddressDate [lastname=test1640494447,fname=test512620147,  address=null, home=, mobile=null, work=null, email=test-468389904, email2=null, bday=null, bmonth=null, byear=null, groupdate=null, address2=null, phone2=null], AddressDate [lastname=test1798836417,fname=test-1507265827,  address=null, home=, mobile=null, work=null, email=test-1448566305, email2=null, bday=null, bmonth=null, byear=null, groupdate=null, address2=null, phone2=null], AddressDate [lastname=test1913941389,fname= ,  address=null, home=, mobile=null, work=null, email= , email2=null, bday=null, bmonth=null, byear=null, groupdate=null, address2=null, phone2=null], AddressDate [lastname=test1913941389,fname= ,  address=null, home=, mobile=null, work=null, email= , email2=null, bday=null, bmonth=null, byear=null, groupdate=null, address2=null, phone2=null], AddressDate [lastname=test1913941389,fname= ,  address=null, home=, mobile=null, work=null, email= , email2=null, bday=null, bmonth=null, byear=null, groupdate=null, address2=null, phone2=null], AddressDate [lastname=test1913941389,fname= ,  address=null, home=, mobile=null, work=null, email= , email2=null, bday=null, bmonth=null, byear=null, groupdate=null, address2=null, phone2=null], AddressDate [lastname=test1913941389,fname= ,  address=null, home=, mobile=null, work=null, email= , email2=null, bday=null, bmonth=null, byear=null, groupdate=null, address2=null, phone2=null], AddressDate [lastname=test1913941389,fname= ,  address=null, home=, mobile=null, work=null, email= , email2=null, bday=null, bmonth=null, byear=null, groupdate=null, address2=null, phone2=null], AddressDate [lastname=test1913941389,fname= ,  address=null, home=, mobile=null, work=null, email= , email2=null, bday=null, bmonth=null, byear=null, groupdate=null, address2=null, phone2=null], AddressDate [lastname=test1913941389,fname= ,  address=null, home=, mobile=null, work=null, email= , email2=null, bday=null, bmonth=null, byear=null, groupdate=null, address2=null, phone2=null], AddressDate [lastname=test1913941389,fname= ,  address=null, home=, mobile=null, work=null, email= , email2=null, bday=null, bmonth=null, byear=null, groupdate=null, address2=null, phone2=null], AddressDate [lastname=test1913941389,fname= ,  address=null, home=, mobile=null, work=null, email= , email2=null, bday=null, bmonth=null, byear=null, groupdate=null, address2=null, phone2=null], AddressDate [lastname=test1913941389,fname= ,  address=null, home=, mobile=null, work=null, email= , email2=null, bday=null, bmonth=null, byear=null, groupdate=null, address2=null, phone2=null], AddressDate [lastname=test1913941389,fname= ,  address=null, home=, mobile=null, work=null, email= , email2=null, bday=null, bmonth=null, byear=null, groupdate=null, address2=null, phone2=null], AddressDate [lastname=test1920987107,fname=test1904671449,  address=null, home=test-582183637, mobile=null, work=null, email= , email2=null, bday=null, bmonth=null, byear=null, groupdate=null, address2=null, phone2=null], AddressDate [lastname=test2000566000,fname=test699561657,  address=null, home=, mobile=null, work=null, email=test-1907595882, email2=null, bday=null, bmonth=null, byear=null, groupdate=null, address2=null, phone2=null], AddressDate [lastname=test220887418,fname=test-1936701562,  address=null, home=, mobile=null, work=null, email=test-258994078, email2=null, bday=null, bmonth=null, byear=null, groupdate=null, address2=null, phone2=null], AddressDate [lastname=test27477823,fname=test399724355,  address=null, home=test659154363, mobile=null, work=null, email= , email2=null, bday=null, bmonth=null, byear=null, groupdate=null, address2=null, phone2=null], AddressDate [lastname=test388942731,fname=test-1359769740,  address=null, home=test1595427846, mobile=null, work=null, email=test-291049949, email2=null, bday=null, bmonth=null, byear=null, groupdate=null, address2=null, phone2=null], AddressDate [lastname=test477116949,fname=test-2075094913,  address=null, home=test-1914685629, mobile=null, work=null, email=test1059366672, email2=null, bday=null, bmonth=null, byear=null, groupdate=null, address2=null, phone2=null], AddressDate [lastname=test573937196,fname= ,  address=null, home=test1662093305, mobile=null, work=null, email=test350926286, email2=null, bday=null, bmonth=null, byear=null, groupdate=null, address2=null, phone2=null], AddressDate [lastname=test673399458,fname=test31666323,  address=null, home=test678067371, mobile=null, work=null, email=test1190839006, email2=null, bday=null, bmonth=null, byear=null, groupdate=null, address2=null, phone2=null], AddressDate [lastname=test727749213,fname=test1178393188,  address=null, home=, mobile=null, work=null, email=test2134625567, email2=null, bday=null, bmonth=null, byear=null, groupdate=null, address2=null, phone2=null], AddressDate [lastname=test74900384,fname=test-1107665925,  address=null, home=, mobile=null, work=null, email=test-1222962579, email2=null, bday=null, bmonth=null, byear=null, groupdate=null, address2=null, phone2=null], AddressDate [lastname=test74900384,fname=test-1107665925,  address=null, home=, mobile=null, work=null, email=test-1222962579, email2=null, bday=null, bmonth=null, byear=null, groupdate=null, address2=null, phone2=null], AddressDate [lastname=test74900384,fname=test-1107665925,  address=null, home=, mobile=null, work=null, email=test-1222962579, email2=null, bday=null, bmonth=null, byear=null, groupdate=null, address2=null, phone2=null], AddressDate [lastname=test939740215,fname=test26754199,  address=null, home=, mobile=null, work=null, email=test2142170472, email2=null, bday=null, bmonth=null, byear=null, groupdate=null, address2=null, phone2=null], AddressDate [lastname=test971657393,fname=test323617076,  address=null, home=, mobile=null, work=null, email=test-937040204, email2=null, bday=null, bmonth=null, byear=null, groupdate=null, address2=null, phone2=null]]&amp;gt;
     but: was &amp;lt;[AddressDate [lastname= ,fname= ,  address=null, home=, mobile=null, work=null, email= , email2=null, bday=null, bmonth=null, byear=null, groupdate=null, address2=null, phone2=null], AddressDate [lastname= ,fname= ,  address=null, home=, mobile=null, work=null, email= , email2=null, bday=null, bmonth=null, byear=null, groupdate=null, address2=null, phone2=null], AddressDate [lastname= ,fname= ,  address=null, home=, mobile=null, work=null, email= , email2=null, bday=null, bmonth=null, byear=null, groupdate=null, address2=null, phone2=null], AddressDate [lastname= ,fname= ,  address=null, home=test-913265716, mobile=null, work=null, email=test-1454078984, email2=null, bday=null, bmonth=null, byear=null, groupdate=null, address2=null, phone2=null], AddressDate [lastname= ,fname= ,  address=null, home=test884147755, mobile=null, work=null, email=test1064694320, email2=null, bday=null, bmonth=null, byear=null, groupdate=null, address2=null, phone2=null], AddressDate [lastname= ,fname=test-1728342956,  address=null, home=test-319661862, mobile=null, work=null, email=test-284583621, email2=null, bday=null, bmonth=null, byear=null, groupdate=null, address2=null, phone2=null], AddressDate [lastname= ,fname=test-1934508600,  address=null, home=test571187175, mobile=null, work=null, email= , email2=null, bday=null, bmonth=null, byear=null, groupdate=null, address2=null, phone2=null], AddressDate [lastname= ,fname=test-1934508600,  address=null, home=test571187175, mobile=null, work=null, email= , email2=null, bday=null, bmonth=null, byear=null, groupdate=null, address2=null, phone2=null], AddressDate [lastname= ,fname=test-1994102771,  address=null, home=test662358647, mobile=null, work=null, email=test-322430271, email2=null, bday=null, bmonth=null, byear=null, groupdate=null, address2=null, phone2=null], AddressDate [lastname= ,fname=test-363972883,  address=null, home=test331179509, mobile=null, work=null, email=test972631318, email2=null, bday=null, bmonth=null, byear=null, groupdate=null, address2=null, phone2=null]]&amp;gt;">
      <![CDATA[java.lang.AssertionError: 
Expected: <[AddressDate [lastname= ,fname= ,  address=null, home=, mobile=null, work=null, email= , email2=null, bday=null, bmonth=null, byear=null, groupdate=null, address2=null, phone2=null], AddressDate [lastname= ,fname= ,  address=null, home=, mobile=null, work=null, email= , email2=null, bday=null, bmonth=null, byear=null, groupdate=null, address2=null, phone2=null], AddressDate [lastname= ,fname= ,  address=null, home=, mobile=null, work=null, email= , email2=null, bday=null, bmonth=null, byear=null, groupdate=null, address2=null, phone2=null], AddressDate [lastname= ,fname= ,  address=null, home=test-913265716, mobile=null, work=null, email=test-1454078984, email2=null, bday=null, bmonth=null, byear=null, groupdate=null, address2=null, phone2=null], AddressDate [lastname= ,fname= ,  address=null, home=test884147755, mobile=null, work=null, email=test1064694320, email2=null, bday=null, bmonth=null, byear=null, groupdate=null, address2=null, phone2=null], AddressDate [lastname= ,fname=test-1728342956,  address=null, home=test-319661862, mobile=null, work=null, email=test-284583621, email2=null, bday=null, bmonth=null, byear=null, groupdate=null, address2=null, phone2=null], AddressDate [lastname= ,fname=test-1934508600,  address=null, home=test571187175, mobile=null, work=null, email= , email2=null, bday=null, bmonth=null, byear=null, groupdate=null, address2=null, phone2=null], AddressDate [lastname= ,fname=test-1934508600,  address=null, home=test571187175, mobile=null, work=null, email= , email2=null, bday=null, bmonth=null, byear=null, groupdate=null, address2=null, phone2=null], AddressDate [lastname= ,fname=test-1994102771,  address=null, home=test662358647, mobile=null, work=null, email=test-322430271, email2=null, bday=null, bmonth=null, byear=null, groupdate=null, address2=null, phone2=null], AddressDate [lastname= ,fname=test-363972883,  address=null, home=test331179509, mobile=null, work=null, email=test972631318, email2=null, bday=null, bmonth=null, byear=null, groupdate=null, address2=null, phone2=null], AddressDate [lastname= ,fname=test-363972883,  address=null, home=test331179509, mobile=null, work=null, email=test972631318, email2=null, bday=null, bmonth=null, byear=null, groupdate=null, address2=null, phone2=null], AddressDate [lastname= ,fname=test-363972883,  address=null, home=test331179509, mobile=null, work=null, email=test972631318, email2=null, bday=null, bmonth=null, byear=null, groupdate=null, address2=null, phone2=null], AddressDate [lastname= ,fname=test1342745566,  address=null, home=test1475480208, mobile=null, work=null, email=test963430001, email2=null, bday=null, bmonth=null, byear=null, groupdate=null, address2=null, phone2=null], AddressDate [lastname= ,fname=test1633339812,  address=null, home=, mobile=null, work=null, email=test-1210181164, email2=null, bday=null, bmonth=null, byear=null, groupdate=null, address2=null, phone2=null], AddressDate [lastname= ,fname=test1705130742,  address=null, home=test-941816714, mobile=null, work=null, email=test130592620, email2=null, bday=null, bmonth=null, byear=null, groupdate=null, address2=null, phone2=null], AddressDate [lastname= ,fname=test1925972037,  address=null, home=, mobile=null, work=null, email=test-1068091960, email2=null, bday=null, bmonth=null, byear=null, groupdate=null, address2=null, phone2=null], AddressDate [lastname= ,fname=test541380731,  address=null, home=test-1854661648, mobile=null, work=null, email=test-220470787, email2=null, bday=null, bmonth=null, byear=null, groupdate=null, address2=null, phone2=null], AddressDate [lastname= ,fname=test97743923,  address=null, home=test-1459190317, mobile=null, work=null, email= , email2=null, bday=null, bmonth=null, byear=null, groupdate=null, address2=null, phone2=null], AddressDate [lastname=test-100182809,fname=test484017362,  address=null, home=test-190642635, mobile=null, work=null, email=test2037749577, email2=null, bday=null, bmonth=null, byear=null, groupdate=null, address2=null, phone2=null], AddressDate [lastname=test-1143096963,fname=test-1110043187,  address=null, home=test-224934943, mobile=null, work=null, email= , email2=null, bday=null, bmonth=null, byear=null, groupdate=null, address2=null, phone2=null], AddressDate [lastname=test-1143096963,fname=test-1110043187,  address=null, home=test-224934943, mobile=null, work=null, email= , email2=null, bday=null, bmonth=null, byear=null, groupdate=null, address2=null, phone2=null], AddressDate [lastname=test-1143096963,fname=test-1110043187,  address=null, home=test-224934943, mobile=null, work=null, email= , email2=null, bday=null, bmonth=null, byear=null, groupdate=null, address2=null, phone2=null], AddressDate [lastname=test-1143096963,fname=test-1110043187,  address=null, home=test-224934943, mobile=null, work=null, email= , email2=null, bday=null, bmonth=null, byear=null, groupdate=null, address2=null, phone2=null], AddressDate [lastname=test-1143096963,fname=test-1110043187,  address=null, home=test-224934943, mobile=null, work=null, email= , email2=null, bday=null, bmonth=null, byear=null, groupdate=null, address2=null, phone2=null], AddressDate [lastname=test-1143096963,fname=test-1110043187,  address=null, home=test-224934943, mobile=null, work=null, email= , email2=null, bday=null, bmonth=null, byear=null, groupdate=null, address2=null, phone2=null], AddressDate [lastname=test-1143096963,fname=test-1110043187,  address=null, home=test-224934943, mobile=null, work=null, email= , email2=null, bday=null, bmonth=null, byear=null, groupdate=null, address2=null, phone2=null], AddressDate [lastname=test-1143096963,fname=test-1110043187,  address=null, home=test-224934943, mobile=null, work=null, email= , email2=null, bday=null, bmonth=null, byear=null, groupdate=null, address2=null, phone2=null], AddressDate [lastname=test-1143096963,fname=test-1110043187,  address=null, home=test-224934943, mobile=null, work=null, email= , email2=null, bday=null, bmonth=null, byear=null, groupdate=null, address2=null, phone2=null], AddressDate [lastname=test-1143096963,fname=test-1110043187,  address=null, home=test-224934943, mobile=null, work=null, email= , email2=null, bday=null, bmonth=null, byear=null, groupdate=null, address2=null, phone2=null], AddressDate [lastname=test-1220445140,fname=test-914663629,  address=null, home=test1274515875, mobile=null, work=null, email=test-1865110537, email2=null, bday=null, bmonth=null, byear=null, groupdate=null, address2=null, phone2=null], AddressDate [lastname=test-131613741,fname= ,  address=null, home=test1035512310, mobile=null, work=null, email= , email2=null, bday=null, bmonth=null, byear=null, groupdate=null, address2=null, phone2=null], AddressDate [lastname=test-1358731221,fname= ,  address=null, home=test-84350440, mobile=null, work=null, email= , email2=null, bday=null, bmonth=null, byear=null, groupdate=null, address2=null, phone2=null], AddressDate [lastname=test-1462061411,fname= ,  address=null, home=test-156411585, mobile=null, work=null, email=test991501921, email2=null, bday=null, bmonth=null, byear=null, groupdate=null, address2=null, phone2=null], AddressDate [lastname=test-1518684246,fname=test361247214,  address=null, home=test-186204961, mobile=null, work=null, email= , email2=null, bday=null, bmonth=null, byear=null, groupdate=null, address2=null, phone2=null], AddressDate [lastname=test-1571058135,fname=test-899315592,  address=null, home=test-1579408519, mobile=null, work=null, email= , email2=null, bday=null, bmonth=null, byear=null, groupdate=null, address2=null, phone2=null], AddressDate [lastname=test-1571058135,fname=test-899315592,  address=null, home=test-1579408519, mobile=null, work=null, email= , email2=null, bday=null, bmonth=null, byear=null, groupdate=null, address2=null, phone2=null], AddressDate [lastname=test-1571058135,fname=test-899315592,  address=null, home=test-1579408519, mobile=null, work=null, email= , email2=null, bday=null, bmonth=null, byear=null, groupdate=null, address2=null, phone2=null], AddressDate [lastname=test-1571058135,fname=test-899315592,  address=null, home=test-1579408519, mobile=null, work=null, email= , email2=null, bday=null, bmonth=null, byear=null, groupdate=null, address2=null, phone2=null], AddressDate [lastname=test-1669935938,fname=test1376145278,  address=null, home=test-1824781483, mobile=null, work=null, email=test1304140860, email2=null, bday=null, bmonth=null, byear=null, groupdate=null, address2=null, phone2=null], AddressDate [lastname=test-1695030511,fname= ,  address=null, home=test-736967298, mobile=null, work=null, email=test-618598298, email2=null, bday=null, bmonth=null, byear=null, groupdate=null, address2=null, phone2=null], AddressDate [lastname=test-1695030511,fname= ,  address=null, home=test-736967298, mobile=null, work=null, email=test-618598298, email2=null, bday=null, bmonth=null, byear=null, groupdate=null, address2=null, phone2=null], AddressDate [lastname=test-1695030511,fname= ,  address=null, home=test-736967298, mobile=null, work=null, email=test-618598298, email2=null, bday=null, bmonth=null, byear=null, groupdate=null, address2=null, phone2=null], AddressDate [lastname=test-1833078389,fname=test1906590431,  address=null, home=test-823202819, mobile=null, work=null, email=test1327025694, email2=null, bday=null, bmonth=null, byear=null, groupdate=null, address2=null, phone2=null], AddressDate [lastname=test-1949429929,fname=test-1165448719,  address=null, home=, mobile=null, work=null, email= , email2=null, bday=null, bmonth=null, byear=null, groupdate=null, address2=null, phone2=null], AddressDate [lastname=test-2098040597,fname= ,  address=null, home=test-1036305103, mobile=null, work=null, email=test-423485633, email2=null, bday=null, bmonth=null, byear=null, groupdate=null, address2=null, phone2=null], AddressDate [lastname=test-515729755,fname=test120416244,  address=null, home=, mobile=null, work=null, email=test-1921454938, email2=null, bday=null, bmonth=null, byear=null, groupdate=null, address2=null, phone2=null], AddressDate [lastname=test-534773548,fname=test908315344,  address=null, home=, mobile=null, work=null, email=test-1327149591, email2=null, bday=null, bmonth=null, byear=null, groupdate=null, address2=null, phone2=null], AddressDate [lastname=test-627046500,fname= ,  address=null, home=test-550316261, mobile=null, work=null, email=test1714049108, email2=null, bday=null, bmonth=null, byear=null, groupdate=null, address2=null, phone2=null], AddressDate [lastname=test-724017412,fname=test562357777,  address=null, home=test-826967850, mobile=null, work=null, email=test-2128325842, email2=null, bday=null, bmonth=null, byear=null, groupdate=null, address2=null, phone2=null], AddressDate [lastname=test-754997970,fname= ,  address=null, home=test-369410884, mobile=null, work=null, email=test1901012468, email2=null, bday=null, bmonth=null, byear=null, groupdate=null, address2=null, phone2=null], AddressDate [lastname=test-754997970,fname= ,  address=null, home=test-369410884, mobile=null, work=null, email=test1901012468, email2=null, bday=null, bmonth=null, byear=null, groupdate=null, address2=null, phone2=null], AddressDate [lastname=test-88896368,fname= ,  address=null, home=, mobile=null, work=null, email= , email2=null, bday=null, bmonth=null, byear=null, groupdate=null, address2=null, phone2=null], AddressDate [lastname=test1008676398,fname=test406978671,  address=null, home=test-248166911, mobile=null, work=null, email=test-22155359, email2=null, bday=null, bmonth=null, byear=null, groupdate=null, address2=null, phone2=null], AddressDate [lastname=test1045079932,fname= ,  address=null, home=test-2039253770, mobile=null, work=null, email= , email2=null, bday=null, bmonth=null, byear=null, groupdate=null, address2=null, phone2=null], AddressDate [lastname=test1045079932,fname= ,  address=null, home=test-2039253770, mobile=null, work=null, email= , email2=null, bday=null, bmonth=null, byear=null, groupdate=null, address2=null, phone2=null], AddressDate [lastname=test1045079932,fname= ,  address=null, home=test-2039253770, mobile=null, work=null, email= , email2=null, bday=null, bmonth=null, byear=null, groupdate=null, address2=null, phone2=null], AddressDate [lastname=test1066835376,fname=test-141809130,  address=null, home=test692601531, mobile=null, work=null, email=test-1803262035, email2=null, bday=null, bmonth=null, byear=null, groupdate=null, address2=null, phone2=null], AddressDate [lastname=test1133487473,fname= ,  address=null, home=test278197484, mobile=null, work=null, email=test455764933, email2=null, bday=null, bmonth=null, byear=null, groupdate=null, address2=null, phone2=null], AddressDate [lastname=test1186467014,fname= ,  address=null, home=, mobile=null, work=null, email= , email2=null, bday=null, bmonth=null, byear=null, groupdate=null, address2=null, phone2=null], AddressDate [lastname=test1384891923,fname=test-1916398000,  address=null, home=, mobile=null, work=null, email=test-291681808, email2=null, bday=null, bmonth=null, byear=null, groupdate=null, address2=null, phone2=null], AddressDate [lastname=test1640494447,fname=test512620147,  address=null, home=, mobile=null, work=null, email=test-468389904, email2=null, bday=null, bmonth=null, byear=null, groupdate=null, address2=null, phone2=null], AddressDate [lastname=test1798836417,fname=test-1507265827,  address=null, home=, mobile=null, work=null, email=test-1448566305, email2=null, bday=null, bmonth=null, byear=null, groupdate=null, address2=null, phone2=null], AddressDate [lastname=test1913941389,fname= ,  address=null, home=, mobile=null, work=null, email= , email2=null, bday=null, bmonth=null, byear=null, groupdate=null, address2=null, phone2=null], AddressDate [lastname=test1913941389,fname= ,  address=null, home=, mobile=null, work=null, email= , email2=null, bday=null, bmonth=null, byear=null, groupdate=null, address2=null, phone2=null], AddressDate [lastname=test1913941389,fname= ,  address=null, home=, mobile=null, work=null, email= , email2=null, bday=null, bmonth=null, byear=null, groupdate=null, address2=null, phone2=null], AddressDate [lastname=test1913941389,fname= ,  address=null, home=, mobile=null, work=null, email= , email2=null, bday=null, bmonth=null, byear=null, groupdate=null, address2=null, phone2=null], AddressDate [lastname=test1913941389,fname= ,  address=null, home=, mobile=null, work=null, email= , email2=null, bday=null, bmonth=null, byear=null, groupdate=null, address2=null, phone2=null], AddressDate [lastname=test1913941389,fname= ,  address=null, home=, mobile=null, work=null, email= , email2=null, bday=null, bmonth=null, byear=null, groupdate=null, address2=null, phone2=null], AddressDate [lastname=test1913941389,fname= ,  address=null, home=, mobile=null, work=null, email= , email2=null, bday=null, bmonth=null, byear=null, groupdate=null, address2=null, phone2=null], AddressDate [lastname=test1913941389,fname= ,  address=null, home=, mobile=null, work=null, email= , email2=null, bday=null, bmonth=null, byear=null, groupdate=null, address2=null, phone2=null], AddressDate [lastname=test1913941389,fname= ,  address=null, home=, mobile=null, work=null, email= , email2=null, bday=null, bmonth=null, byear=null, groupdate=null, address2=null, phone2=null], AddressDate [lastname=test1913941389,fname= ,  address=null, home=, mobile=null, work=null, email= , email2=null, bday=null, bmonth=null, byear=null, groupdate=null, address2=null, phone2=null], AddressDate [lastname=test1913941389,fname= ,  address=null, home=, mobile=null, work=null, email= , email2=null, bday=null, bmonth=null, byear=null, groupdate=null, address2=null, phone2=null], AddressDate [lastname=test1913941389,fname= ,  address=null, home=, mobile=null, work=null, email= , email2=null, bday=null, bmonth=null, byear=null, groupdate=null, address2=null, phone2=null], AddressDate [lastname=test1920987107,fname=test1904671449,  address=null, home=test-582183637, mobile=null, work=null, email= , email2=null, bday=null, bmonth=null, byear=null, groupdate=null, address2=null, phone2=null], AddressDate [lastname=test2000566000,fname=test699561657,  address=null, home=, mobile=null, work=null, email=test-1907595882, email2=null, bday=null, bmonth=null, byear=null, groupdate=null, address2=null, phone2=null], AddressDate [lastname=test220887418,fname=test-1936701562,  address=null, home=, mobile=null, work=null, email=test-258994078, email2=null, bday=null, bmonth=null, byear=null, groupdate=null, address2=null, phone2=null], AddressDate [lastname=test27477823,fname=test399724355,  address=null, home=test659154363, mobile=null, work=null, email= , email2=null, bday=null, bmonth=null, byear=null, groupdate=null, address2=null, phone2=null], AddressDate [lastname=test388942731,fname=test-1359769740,  address=null, home=test1595427846, mobile=null, work=null, email=test-291049949, email2=null, bday=null, bmonth=null, byear=null, groupdate=null, address2=null, phone2=null], AddressDate [lastname=test477116949,fname=test-2075094913,  address=null, home=test-1914685629, mobile=null, work=null, email=test1059366672, email2=null, bday=null, bmonth=null, byear=null, groupdate=null, address2=null, phone2=null], AddressDate [lastname=test573937196,fname= ,  address=null, home=test1662093305, mobile=null, work=null, email=test350926286, email2=null, bday=null, bmonth=null, byear=null, groupdate=null, address2=null, phone2=null], AddressDate [lastname=test673399458,fname=test31666323,  address=null, home=test678067371, mobile=null, work=null, email=test1190839006, email2=null, bday=null, bmonth=null, byear=null, groupdate=null, address2=null, phone2=null], AddressDate [lastname=test727749213,fname=test1178393188,  address=null, home=, mobile=null, work=null, email=test2134625567, email2=null, bday=null, bmonth=null, byear=null, groupdate=null, address2=null, phone2=null], AddressDate [lastname=test74900384,fname=test-1107665925,  address=null, home=, mobile=null, work=null, email=test-1222962579, email2=null, bday=null, bmonth=null, byear=null, groupdate=null, address2=null, phone2=null], AddressDate [lastname=test74900384,fname=test-1107665925,  address=null, home=, mobile=null, work=null, email=test-1222962579, email2=null, bday=null, bmonth=null, byear=null, groupdate=null, address2=null, phone2=null], AddressDate [lastname=test74900384,fname=test-1107665925,  address=null, home=, mobile=null, work=null, email=test-1222962579, email2=null, bday=null, bmonth=null, byear=null, groupdate=null, address2=null, phone2=null], AddressDate [lastname=test939740215,fname=test26754199,  address=null, home=, mobile=null, work=null, email=test2142170472, email2=null, bday=null, bmonth=null, byear=null, groupdate=null, address2=null, phone2=null], AddressDate [lastname=test971657393,fname=test323617076,  address=null, home=, mobile=null, work=null, email=test-937040204, email2=null, bday=null, bmonth=null, byear=null, groupdate=null, address2=null, phone2=null]]]]><![CDATA[>
     but: was <[AddressDate [lastname= ,fname= ,  address=null, home=, mobile=null, work=null, email= , email2=null, bday=null, bmonth=null, byear=null, groupdate=null, address2=null, phone2=null], AddressDate [lastname= ,fname= ,  address=null, home=, mobile=null, work=null, email= , email2=null, bday=null, bmonth=null, byear=null, groupdate=null, address2=null, phone2=null], AddressDate [lastname= ,fname= ,  address=null, home=, mobile=null, work=null, email= , email2=null, bday=null, bmonth=null, byear=null, groupdate=null, address2=null, phone2=null], AddressDate [lastname= ,fname= ,  address=null, home=test-913265716, mobile=null, work=null, email=test-1454078984, email2=null, bday=null, bmonth=null, byear=null, groupdate=null, address2=null, phone2=null], AddressDate [lastname= ,fname= ,  address=null, home=test884147755, mobile=null, work=null, email=test1064694320, email2=null, bday=null, bmonth=null, byear=null, groupdate=null, address2=null, phone2=null], AddressDate [lastname= ,fname=test-1728342956,  address=null, home=test-319661862, mobile=null, work=null, email=test-284583621, email2=null, bday=null, bmonth=null, byear=null, groupdate=null, address2=null, phone2=null], AddressDate [lastname= ,fname=test-1934508600,  address=null, home=test571187175, mobile=null, work=null, email= , email2=null, bday=null, bmonth=null, byear=null, groupdate=null, address2=null, phone2=null], AddressDate [lastname= ,fname=test-1934508600,  address=null, home=test571187175, mobile=null, work=null, email= , email2=null, bday=null, bmonth=null, byear=null, groupdate=null, address2=null, phone2=null], AddressDate [lastname= ,fname=test-1994102771,  address=null, home=test662358647, mobile=null, work=null, email=test-322430271, email2=null, bday=null, bmonth=null, byear=null, groupdate=null, address2=null, phone2=null], AddressDate [lastname= ,fname=test-363972883,  address=null, home=test331179509, mobile=null, work=null, email=test972631318, email2=null, bday=null, bmonth=null, byear=null, groupdate=null, address2=null, phone2=null]]]]><![CDATA[>
	at org.hamcrest.MatcherAssert.assertThat(MatcherAssert.java:20)
	at org.junit.Assert.assertThat(Assert.java:865)
	at org.junit.Assert.assertThat(Assert.java:832)
	at com.example.tests.AddressRemoveTest.deleteAddress(AddressRemoveTest.java:28)
	at sun.reflect.NativeMethodAccessorImpl.invoke0(Native Method)
	at sun.reflect.NativeMethodAccessorImpl.invoke(Unknown Source)
	at sun.reflect.DelegatingMethodAccessorImpl.invoke(Unknown Source)
	at java.lang.reflect.Method.invoke(Unknown Source)
	at org.testng.internal.MethodInvocationHelper.invokeMethod(MethodInvocationHelper.java:84)
	at org.testng.internal.Invoker.invokeMethod(Invoker.java:714)
	at org.testng.internal.Invoker.invokeTestMethod(Invoker.java:901)
	at org.testng.internal.Invoker.invokeTestMethods(Invoker.java:1231)
	at org.testng.internal.TestMethodWorker.invokeTestMethods(TestMethodWorker.java:127)
	at org.testng.internal.TestMethodWorker.run(TestMethodWorker.java:111)
	at org.testng.TestRunner.privateRun(TestRunner.java:767)
	at org.testng.TestRunner.run(TestRunner.java:617)
	at org.testng.SuiteRunner.runTest(SuiteRunner.java:334)
	at org.testng.SuiteRunner.runSequentially(SuiteRunner.java:329)
	at org.testng.SuiteRunner.privateRun(SuiteRunner.java:291)
	at org.testng.SuiteRunner.run(SuiteRunner.java:240)
	at org.testng.SuiteRunnerWorker.runSuite(SuiteRunnerWorker.java:52)
	at org.testng.SuiteRunnerWorker.run(SuiteRunnerWorker.java:86)
	at org.testng.TestNG.runSuitesSequentially(TestNG.java:1224)
	at org.testng.TestNG.runSuitesLocally(TestNG.java:1149)
	at org.testng.TestNG.run(TestNG.java:1057)
	at org.testng.remote.RemoteTestNG.run(RemoteTestNG.java:111)
	at org.testng.remote.RemoteTestNG.initAndRun(RemoteTestNG.java:204)
	at org.testng.remote.RemoteTestNG.main(RemoteTestNG.java:175)
]]>
    </failure>
  </testcase> <!-- deleteAddress -->
  <testcase name="deleteAddress" time="5.532" classname="com.example.tests.AddressRemoveTest">
    <failure type="java.lang.AssertionError" message="
Expected: &amp;lt;[AddressDate [lastname= ,fname= ,  address=null, home=, mobile=null, work=null, email= , email2=null, bday=null, bmonth=null, byear=null, groupdate=null, address2=null, phone2=null], AddressDate [lastname= ,fname= ,  address=null, home=, mobile=null, work=null, email= , email2=null, bday=null, bmonth=null, byear=null, groupdate=null, address2=null, phone2=null], AddressDate [lastname= ,fname= ,  address=null, home=, mobile=null, work=null, email= , email2=null, bday=null, bmonth=null, byear=null, groupdate=null, address2=null, phone2=null], AddressDate [lastname= ,fname= ,  address=null, home=test-913265716, mobile=null, work=null, email=test-1454078984, email2=null, bday=null, bmonth=null, byear=null, groupdate=null, address2=null, phone2=null], AddressDate [lastname= ,fname= ,  address=null, home=test884147755, mobile=null, work=null, email=test1064694320, email2=null, bday=null, bmonth=null, byear=null, groupdate=null, address2=null, phone2=null], AddressDate [lastname= ,fname=test-1728342956,  address=null, home=test-319661862, mobile=null, work=null, email=test-284583621, email2=null, bday=null, bmonth=null, byear=null, groupdate=null, address2=null, phone2=null], AddressDate [lastname= ,fname=test-1934508600,  address=null, home=test571187175, mobile=null, work=null, email= , email2=null, bday=null, bmonth=null, byear=null, groupdate=null, address2=null, phone2=null], AddressDate [lastname= ,fname=test-1934508600,  address=null, home=test571187175, mobile=null, work=null, email= , email2=null, bday=null, bmonth=null, byear=null, groupdate=null, address2=null, phone2=null], AddressDate [lastname= ,fname=test-363972883,  address=null, home=test331179509, mobile=null, work=null, email=test972631318, email2=null, bday=null, bmonth=null, byear=null, groupdate=null, address2=null, phone2=null]]&amp;gt;
     but: was &amp;lt;[AddressDate [lastname= ,fname= ,  address=null, home=, mobile=null, work=null, email= , email2=null, bday=null, bmonth=null, byear=null, groupdate=null, address2=null, phone2=null], AddressDate [lastname= ,fname= ,  address=null, home=, mobile=null, work=null, email= , email2=null, bday=null, bmonth=null, byear=null, groupdate=null, address2=null, phone2=null], AddressDate [lastname= ,fname= ,  address=null, home=, mobile=null, work=null, email= , email2=null, bday=null, bmonth=null, byear=null, groupdate=null, address2=null, phone2=null], AddressDate [lastname= ,fname= ,  address=null, home=test-913265716, mobile=null, work=null, email=test-1454078984, email2=null, bday=null, bmonth=null, byear=null, groupdate=null, address2=null, phone2=null], AddressDate [lastname= ,fname= ,  address=null, home=test884147755, mobile=null, work=null, email=test1064694320, email2=null, bday=null, bmonth=null, byear=null, groupdate=null, address2=null, phone2=null], AddressDate [lastname= ,fname=test-1728342956,  address=null, home=test-319661862, mobile=null, work=null, email=test-284583621, email2=null, bday=null, bmonth=null, byear=null, groupdate=null, address2=null, phone2=null], AddressDate [lastname= ,fname=test-1934508600,  address=null, home=test571187175, mobile=null, work=null, email= , email2=null, bday=null, bmonth=null, byear=null, groupdate=null, address2=null, phone2=null]]&amp;gt;">
      <![CDATA[java.lang.AssertionError: 
Expected: <[AddressDate [lastname= ,fname= ,  address=null, home=, mobile=null, work=null, email= , email2=null, bday=null, bmonth=null, byear=null, groupdate=null, address2=null, phone2=null], AddressDate [lastname= ,fname= ,  address=null, home=, mobile=null, work=null, email= , email2=null, bday=null, bmonth=null, byear=null, groupdate=null, address2=null, phone2=null], AddressDate [lastname= ,fname= ,  address=null, home=, mobile=null, work=null, email= , email2=null, bday=null, bmonth=null, byear=null, groupdate=null, address2=null, phone2=null], AddressDate [lastname= ,fname= ,  address=null, home=test-913265716, mobile=null, work=null, email=test-1454078984, email2=null, bday=null, bmonth=null, byear=null, groupdate=null, address2=null, phone2=null], AddressDate [lastname= ,fname= ,  address=null, home=test884147755, mobile=null, work=null, email=test1064694320, email2=null, bday=null, bmonth=null, byear=null, groupdate=null, address2=null, phone2=null], AddressDate [lastname= ,fname=test-1728342956,  address=null, home=test-319661862, mobile=null, work=null, email=test-284583621, email2=null, bday=null, bmonth=null, byear=null, groupdate=null, address2=null, phone2=null], AddressDate [lastname= ,fname=test-1934508600,  address=null, home=test571187175, mobile=null, work=null, email= , email2=null, bday=null, bmonth=null, byear=null, groupdate=null, address2=null, phone2=null], AddressDate [lastname= ,fname=test-1934508600,  address=null, home=test571187175, mobile=null, work=null, email= , email2=null, bday=null, bmonth=null, byear=null, groupdate=null, address2=null, phone2=null], AddressDate [lastname= ,fname=test-363972883,  address=null, home=test331179509, mobile=null, work=null, email=test972631318, email2=null, bday=null, bmonth=null, byear=null, groupdate=null, address2=null, phone2=null]]]]><![CDATA[>
     but: was <[AddressDate [lastname= ,fname= ,  address=null, home=, mobile=null, work=null, email= , email2=null, bday=null, bmonth=null, byear=null, groupdate=null, address2=null, phone2=null], AddressDate [lastname= ,fname= ,  address=null, home=, mobile=null, work=null, email= , email2=null, bday=null, bmonth=null, byear=null, groupdate=null, address2=null, phone2=null], AddressDate [lastname= ,fname= ,  address=null, home=, mobile=null, work=null, email= , email2=null, bday=null, bmonth=null, byear=null, groupdate=null, address2=null, phone2=null], AddressDate [lastname= ,fname= ,  address=null, home=test-913265716, mobile=null, work=null, email=test-1454078984, email2=null, bday=null, bmonth=null, byear=null, groupdate=null, address2=null, phone2=null], AddressDate [lastname= ,fname= ,  address=null, home=test884147755, mobile=null, work=null, email=test1064694320, email2=null, bday=null, bmonth=null, byear=null, groupdate=null, address2=null, phone2=null], AddressDate [lastname= ,fname=test-1728342956,  address=null, home=test-319661862, mobile=null, work=null, email=test-284583621, email2=null, bday=null, bmonth=null, byear=null, groupdate=null, address2=null, phone2=null], AddressDate [lastname= ,fname=test-1934508600,  address=null, home=test571187175, mobile=null, work=null, email= , email2=null, bday=null, bmonth=null, byear=null, groupdate=null, address2=null, phone2=null]]]]><![CDATA[>
	at org.hamcrest.MatcherAssert.assertThat(MatcherAssert.java:20)
	at org.junit.Assert.assertThat(Assert.java:865)
	at org.junit.Assert.assertThat(Assert.java:832)
	at com.example.tests.AddressRemoveTest.deleteAddress(AddressRemoveTest.java:28)
	at sun.reflect.NativeMethodAccessorImpl.invoke0(Native Method)
	at sun.reflect.NativeMethodAccessorImpl.invoke(Unknown Source)
	at sun.reflect.DelegatingMethodAccessorImpl.invoke(Unknown Source)
	at java.lang.reflect.Method.invoke(Unknown Source)
	at org.testng.internal.MethodInvocationHelper.invokeMethod(MethodInvocationHelper.java:84)
	at org.testng.internal.Invoker.invokeMethod(Invoker.java:714)
	at org.testng.internal.Invoker.invokeTestMethod(Invoker.java:901)
	at org.testng.internal.Invoker.invokeTestMethods(Invoker.java:1231)
	at org.testng.internal.TestMethodWorker.invokeTestMethods(TestMethodWorker.java:127)
	at org.testng.internal.TestMethodWorker.run(TestMethodWorker.java:111)
	at org.testng.TestRunner.privateRun(TestRunner.java:767)
	at org.testng.TestRunner.run(TestRunner.java:617)
	at org.testng.SuiteRunner.runTest(SuiteRunner.java:334)
	at org.testng.SuiteRunner.runSequentially(SuiteRunner.java:329)
	at org.testng.SuiteRunner.privateRun(SuiteRunner.java:291)
	at org.testng.SuiteRunner.run(SuiteRunner.java:240)
	at org.testng.SuiteRunnerWorker.runSuite(SuiteRunnerWorker.java:52)
	at org.testng.SuiteRunnerWorker.run(SuiteRunnerWorker.java:86)
	at org.testng.TestNG.runSuitesSequentially(TestNG.java:1224)
	at org.testng.TestNG.runSuitesLocally(TestNG.java:1149)
	at org.testng.TestNG.run(TestNG.java:1057)
	at org.testng.remote.RemoteTestNG.run(RemoteTestNG.java:111)
	at org.testng.remote.RemoteTestNG.initAndRun(RemoteTestNG.java:204)
	at org.testng.remote.RemoteTestNG.main(RemoteTestNG.java:175)
]]>
    </failure>
  </testcase> <!-- deleteAddress -->
  <testcase name="deleteAddress" time="4.728" classname="com.example.tests.AddressRemoveTest">
    <failure type="java.lang.AssertionError" message="
Expected: &amp;lt;[AddressDate [lastname= ,fname= ,  address=null, home=, mobile=null, work=null, email= , email2=null, bday=null, bmonth=null, byear=null, groupdate=null, address2=null, phone2=null], AddressDate [lastname= ,fname= ,  address=null, home=, mobile=null, work=null, email= , email2=null, bday=null, bmonth=null, byear=null, groupdate=null, address2=null, phone2=null], AddressDate [lastname= ,fname= ,  address=null, home=, mobile=null, work=null, email= , email2=null, bday=null, bmonth=null, byear=null, groupdate=null, address2=null, phone2=null], AddressDate [lastname= ,fname= ,  address=null, home=test-913265716, mobile=null, work=null, email=test-1454078984, email2=null, bday=null, bmonth=null, byear=null, groupdate=null, address2=null, phone2=null], AddressDate [lastname= ,fname=test-1728342956,  address=null, home=test-319661862, mobile=null, work=null, email=test-284583621, email2=null, bday=null, bmonth=null, byear=null, groupdate=null, address2=null, phone2=null], AddressDate [lastname= ,fname=test-1934508600,  address=null, home=test571187175, mobile=null, work=null, email= , email2=null, bday=null, bmonth=null, byear=null, groupdate=null, address2=null, phone2=null]]&amp;gt;
     but: was &amp;lt;[AddressDate [lastname= ,fname= ,  address=null, home=, mobile=null, work=null, email= , email2=null, bday=null, bmonth=null, byear=null, groupdate=null, address2=null, phone2=null], AddressDate [lastname= ,fname= ,  address=null, home=, mobile=null, work=null, email= , email2=null, bday=null, bmonth=null, byear=null, groupdate=null, address2=null, phone2=null], AddressDate [lastname= ,fname= ,  address=null, home=test-913265716, mobile=null, work=null, email=test-1454078984, email2=null, bday=null, bmonth=null, byear=null, groupdate=null, address2=null, phone2=null], AddressDate [lastname= ,fname= ,  address=null, home=test884147755, mobile=null, work=null, email=test1064694320, email2=null, bday=null, bmonth=null, byear=null, groupdate=null, address2=null, phone2=null], AddressDate [lastname= ,fname=test-1728342956,  address=null, home=test-319661862, mobile=null, work=null, email=test-284583621, email2=null, bday=null, bmonth=null, byear=null, groupdate=null, address2=null, phone2=null], AddressDate [lastname= ,fname=test-1934508600,  address=null, home=test571187175, mobile=null, work=null, email= , email2=null, bday=null, bmonth=null, byear=null, groupdate=null, address2=null, phone2=null], AddressDate [lastname= ,fname=test-1934508600,  address=null, home=test571187175, mobile=null, work=null, email= , email2=null, bday=null, bmonth=null, byear=null, groupdate=null, address2=null, phone2=null]]&amp;gt;">
      <![CDATA[java.lang.AssertionError: 
Expected: <[AddressDate [lastname= ,fname= ,  address=null, home=, mobile=null, work=null, email= , email2=null, bday=null, bmonth=null, byear=null, groupdate=null, address2=null, phone2=null], AddressDate [lastname= ,fname= ,  address=null, home=, mobile=null, work=null, email= , email2=null, bday=null, bmonth=null, byear=null, groupdate=null, address2=null, phone2=null], AddressDate [lastname= ,fname= ,  address=null, home=, mobile=null, work=null, email= , email2=null, bday=null, bmonth=null, byear=null, groupdate=null, address2=null, phone2=null], AddressDate [lastname= ,fname= ,  address=null, home=test-913265716, mobile=null, work=null, email=test-1454078984, email2=null, bday=null, bmonth=null, byear=null, groupdate=null, address2=null, phone2=null], AddressDate [lastname= ,fname=test-1728342956,  address=null, home=test-319661862, mobile=null, work=null, email=test-284583621, email2=null, bday=null, bmonth=null, byear=null, groupdate=null, address2=null, phone2=null], AddressDate [lastname= ,fname=test-1934508600,  address=null, home=test571187175, mobile=null, work=null, email= , email2=null, bday=null, bmonth=null, byear=null, groupdate=null, address2=null, phone2=null]]]]><![CDATA[>
     but: was <[AddressDate [lastname= ,fname= ,  address=null, home=, mobile=null, work=null, email= , email2=null, bday=null, bmonth=null, byear=null, groupdate=null, address2=null, phone2=null], AddressDate [lastname= ,fname= ,  address=null, home=, mobile=null, work=null, email= , email2=null, bday=null, bmonth=null, byear=null, groupdate=null, address2=null, phone2=null], AddressDate [lastname= ,fname= ,  address=null, home=test-913265716, mobile=null, work=null, email=test-1454078984, email2=null, bday=null, bmonth=null, byear=null, groupdate=null, address2=null, phone2=null], AddressDate [lastname= ,fname= ,  address=null, home=test884147755, mobile=null, work=null, email=test1064694320, email2=null, bday=null, bmonth=null, byear=null, groupdate=null, address2=null, phone2=null], AddressDate [lastname= ,fname=test-1728342956,  address=null, home=test-319661862, mobile=null, work=null, email=test-284583621, email2=null, bday=null, bmonth=null, byear=null, groupdate=null, address2=null, phone2=null], AddressDate [lastname= ,fname=test-1934508600,  address=null, home=test571187175, mobile=null, work=null, email= , email2=null, bday=null, bmonth=null, byear=null, groupdate=null, address2=null, phone2=null], AddressDate [lastname= ,fname=test-1934508600,  address=null, home=test571187175, mobile=null, work=null, email= , email2=null, bday=null, bmonth=null, byear=null, groupdate=null, address2=null, phone2=null]]]]><![CDATA[>
	at org.hamcrest.MatcherAssert.assertThat(MatcherAssert.java:20)
	at org.junit.Assert.assertThat(Assert.java:865)
	at org.junit.Assert.assertThat(Assert.java:832)
	at com.example.tests.AddressRemoveTest.deleteAddress(AddressRemoveTest.java:28)
	at sun.reflect.NativeMethodAccessorImpl.invoke0(Native Method)
	at sun.reflect.NativeMethodAccessorImpl.invoke(Unknown Source)
	at sun.reflect.DelegatingMethodAccessorImpl.invoke(Unknown Source)
	at java.lang.reflect.Method.invoke(Unknown Source)
	at org.testng.internal.MethodInvocationHelper.invokeMethod(MethodInvocationHelper.java:84)
	at org.testng.internal.Invoker.invokeMethod(Invoker.java:714)
	at org.testng.internal.Invoker.invokeTestMethod(Invoker.java:901)
	at org.testng.internal.Invoker.invokeTestMethods(Invoker.java:1231)
	at org.testng.internal.TestMethodWorker.invokeTestMethods(TestMethodWorker.java:127)
	at org.testng.internal.TestMethodWorker.run(TestMethodWorker.java:111)
	at org.testng.TestRunner.privateRun(TestRunner.java:767)
	at org.testng.TestRunner.run(TestRunner.java:617)
	at org.testng.SuiteRunner.runTest(SuiteRunner.java:334)
	at org.testng.SuiteRunner.runSequentially(SuiteRunner.java:329)
	at org.testng.SuiteRunner.privateRun(SuiteRunner.java:291)
	at org.testng.SuiteRunner.run(SuiteRunner.java:240)
	at org.testng.SuiteRunnerWorker.runSuite(SuiteRunnerWorker.java:52)
	at org.testng.SuiteRunnerWorker.run(SuiteRunnerWorker.java:86)
	at org.testng.TestNG.runSuitesSequentially(TestNG.java:1224)
	at org.testng.TestNG.runSuitesLocally(TestNG.java:1149)
	at org.testng.TestNG.run(TestNG.java:1057)
	at org.testng.remote.RemoteTestNG.run(RemoteTestNG.java:111)
	at org.testng.remote.RemoteTestNG.initAndRun(RemoteTestNG.java:204)
	at org.testng.remote.RemoteTestNG.main(RemoteTestNG.java:175)
]]>
    </failure>
  </testcase> <!-- deleteAddress -->
  <testcase name="deleteAddress" time="8.4" classname="com.example.tests.AddressRemoveTest">
    <failure type="java.lang.AssertionError" message="
Expected: &amp;lt;[AddressDate [lastname= ,fname= ,  address=null, home=, mobile=null, work=null, email= , email2=null, bday=null, bmonth=null, byear=null, groupdate=null, address2=null, phone2=null], AddressDate [lastname= ,fname= ,  address=null, home=, mobile=null, work=null, email= , email2=null, bday=null, bmonth=null, byear=null, groupdate=null, address2=null, phone2=null], AddressDate [lastname= ,fname= ,  address=null, home=test-913265716, mobile=null, work=null, email=test-1454078984, email2=null, bday=null, bmonth=null, byear=null, groupdate=null, address2=null, phone2=null], AddressDate [lastname= ,fname= ,  address=null, home=test884147755, mobile=null, work=null, email=test1064694320, email2=null, bday=null, bmonth=null, byear=null, groupdate=null, address2=null, phone2=null], AddressDate [lastname= ,fname=test-1728342956,  address=null, home=test-319661862, mobile=null, work=null, email=test-284583621, email2=null, bday=null, bmonth=null, byear=null, groupdate=null, address2=null, phone2=null], AddressDate [lastname= ,fname=test-1934508600,  address=null, home=test571187175, mobile=null, work=null, email= , email2=null, bday=null, bmonth=null, byear=null, groupdate=null, address2=null, phone2=null]]&amp;gt;
     but: was &amp;lt;[AddressDate [lastname= ,fname= ,  address=null, home=, mobile=null, work=null, email= , email2=null, bday=null, bmonth=null, byear=null, groupdate=null, address2=null, phone2=null], AddressDate [lastname= ,fname= ,  address=null, home=, mobile=null, work=null, email= , email2=null, bday=null, bmonth=null, byear=null, groupdate=null, address2=null, phone2=null], AddressDate [lastname= ,fname= ,  address=null, home=test-913265716, mobile=null, work=null, email=test-1454078984, email2=null, bday=null, bmonth=null, byear=null, groupdate=null, address2=null, phone2=null], AddressDate [lastname= ,fname= ,  address=null, home=test884147755, mobile=null, work=null, email=test1064694320, email2=null, bday=null, bmonth=null, byear=null, groupdate=null, address2=null, phone2=null], AddressDate [lastname= ,fname=test-1728342956,  address=null, home=test-319661862, mobile=null, work=null, email=test-284583621, email2=null, bday=null, bmonth=null, byear=null, groupdate=null, address2=null, phone2=null], AddressDate [lastname= ,fname=test-1934508600,  address=null, home=test571187175, mobile=null, work=null, email= , email2=null, bday=null, bmonth=null, byear=null, groupdate=null, address2=null, phone2=null], AddressDate [lastname= ,fname=test-363972883,  address=null, home=test331179509, mobile=null, work=null, email=test972631318, email2=null, bday=null, bmonth=null, byear=null, groupdate=null, address2=null, phone2=null], AddressDate [lastname= ,fname=test-363972883,  address=null, home=test331179509, mobile=null, work=null, email=test972631318, email2=null, bday=null, bmonth=null, byear=null, groupdate=null, address2=null, phone2=null], AddressDate [lastname= ,fname=test-363972883,  address=null, home=test331179509, mobile=null, work=null, email=test972631318, email2=null, bday=null, bmonth=null, byear=null, groupdate=null, address2=null, phone2=null], AddressDate [lastname= ,fname=test1342745566,  address=null, home=test1475480208, mobile=null, work=null, email=test963430001, email2=null, bday=null, bmonth=null, byear=null, groupdate=null, address2=null, phone2=null], AddressDate [lastname= ,fname=test1633339812,  address=null, home=, mobile=null, work=null, email=test-1210181164, email2=null, bday=null, bmonth=null, byear=null, groupdate=null, address2=null, phone2=null], AddressDate [lastname= ,fname=test1705130742,  address=null, home=test-941816714, mobile=null, work=null, email=test130592620, email2=null, bday=null, bmonth=null, byear=null, groupdate=null, address2=null, phone2=null], AddressDate [lastname= ,fname=test1925972037,  address=null, home=, mobile=null, work=null, email=test-1068091960, email2=null, bday=null, bmonth=null, byear=null, groupdate=null, address2=null, phone2=null], AddressDate [lastname= ,fname=test541380731,  address=null, home=test-1854661648, mobile=null, work=null, email=test-220470787, email2=null, bday=null, bmonth=null, byear=null, groupdate=null, address2=null, phone2=null], AddressDate [lastname= ,fname=test97743923,  address=null, home=test-1459190317, mobile=null, work=null, email= , email2=null, bday=null, bmonth=null, byear=null, groupdate=null, address2=null, phone2=null], AddressDate [lastname=test-100182809,fname=test484017362,  address=null, home=test-190642635, mobile=null, work=null, email=test2037749577, email2=null, bday=null, bmonth=null, byear=null, groupdate=null, address2=null, phone2=null], AddressDate [lastname=test-1143096963,fname=test-1110043187,  address=null, home=test-224934943, mobile=null, work=null, email= , email2=null, bday=null, bmonth=null, byear=null, groupdate=null, address2=null, phone2=null], AddressDate [lastname=test-1143096963,fname=test-1110043187,  address=null, home=test-224934943, mobile=null, work=null, email= , email2=null, bday=null, bmonth=null, byear=null, groupdate=null, address2=null, phone2=null], AddressDate [lastname=test-1143096963,fname=test-1110043187,  address=null, home=test-224934943, mobile=null, work=null, email= , email2=null, bday=null, bmonth=null, byear=null, groupdate=null, address2=null, phone2=null], AddressDate [lastname=test-1143096963,fname=test-1110043187,  address=null, home=test-224934943, mobile=null, work=null, email= , email2=null, bday=null, bmonth=null, byear=null, groupdate=null, address2=null, phone2=null], AddressDate [lastname=test-1143096963,fname=test-1110043187,  address=null, home=test-224934943, mobile=null, work=null, email= , email2=null, bday=null, bmonth=null, byear=null, groupdate=null, address2=null, phone2=null], AddressDate [lastname=test-1143096963,fname=test-1110043187,  address=null, home=test-224934943, mobile=null, work=null, email= , email2=null, bday=null, bmonth=null, byear=null, groupdate=null, address2=null, phone2=null], AddressDate [lastname=test-1143096963,fname=test-1110043187,  address=null, home=test-224934943, mobile=null, work=null, email= , email2=null, bday=null, bmonth=null, byear=null, groupdate=null, address2=null, phone2=null], AddressDate [lastname=test-1143096963,fname=test-1110043187,  address=null, home=test-224934943, mobile=null, work=null, email= , email2=null, bday=null, bmonth=null, byear=null, groupdate=null, address2=null, phone2=null], AddressDate [lastname=test-1143096963,fname=test-1110043187,  address=null, home=test-224934943, mobile=null, work=null, email= , email2=null, bday=null, bmonth=null, byear=null, groupdate=null, address2=null, phone2=null]]&amp;gt;">
      <![CDATA[java.lang.AssertionError: 
Expected: <[AddressDate [lastname= ,fname= ,  address=null, home=, mobile=null, work=null, email= , email2=null, bday=null, bmonth=null, byear=null, groupdate=null, address2=null, phone2=null], AddressDate [lastname= ,fname= ,  address=null, home=, mobile=null, work=null, email= , email2=null, bday=null, bmonth=null, byear=null, groupdate=null, address2=null, phone2=null], AddressDate [lastname= ,fname= ,  address=null, home=test-913265716, mobile=null, work=null, email=test-1454078984, email2=null, bday=null, bmonth=null, byear=null, groupdate=null, address2=null, phone2=null], AddressDate [lastname= ,fname= ,  address=null, home=test884147755, mobile=null, work=null, email=test1064694320, email2=null, bday=null, bmonth=null, byear=null, groupdate=null, address2=null, phone2=null], AddressDate [lastname= ,fname=test-1728342956,  address=null, home=test-319661862, mobile=null, work=null, email=test-284583621, email2=null, bday=null, bmonth=null, byear=null, groupdate=null, address2=null, phone2=null], AddressDate [lastname= ,fname=test-1934508600,  address=null, home=test571187175, mobile=null, work=null, email= , email2=null, bday=null, bmonth=null, byear=null, groupdate=null, address2=null, phone2=null]]]]><![CDATA[>
     but: was <[AddressDate [lastname= ,fname= ,  address=null, home=, mobile=null, work=null, email= , email2=null, bday=null, bmonth=null, byear=null, groupdate=null, address2=null, phone2=null], AddressDate [lastname= ,fname= ,  address=null, home=, mobile=null, work=null, email= , email2=null, bday=null, bmonth=null, byear=null, groupdate=null, address2=null, phone2=null], AddressDate [lastname= ,fname= ,  address=null, home=test-913265716, mobile=null, work=null, email=test-1454078984, email2=null, bday=null, bmonth=null, byear=null, groupdate=null, address2=null, phone2=null], AddressDate [lastname= ,fname= ,  address=null, home=test884147755, mobile=null, work=null, email=test1064694320, email2=null, bday=null, bmonth=null, byear=null, groupdate=null, address2=null, phone2=null], AddressDate [lastname= ,fname=test-1728342956,  address=null, home=test-319661862, mobile=null, work=null, email=test-284583621, email2=null, bday=null, bmonth=null, byear=null, groupdate=null, address2=null, phone2=null], AddressDate [lastname= ,fname=test-1934508600,  address=null, home=test571187175, mobile=null, work=null, email= , email2=null, bday=null, bmonth=null, byear=null, groupdate=null, address2=null, phone2=null], AddressDate [lastname= ,fname=test-363972883,  address=null, home=test331179509, mobile=null, work=null, email=test972631318, email2=null, bday=null, bmonth=null, byear=null, groupdate=null, address2=null, phone2=null], AddressDate [lastname= ,fname=test-363972883,  address=null, home=test331179509, mobile=null, work=null, email=test972631318, email2=null, bday=null, bmonth=null, byear=null, groupdate=null, address2=null, phone2=null], AddressDate [lastname= ,fname=test-363972883,  address=null, home=test331179509, mobile=null, work=null, email=test972631318, email2=null, bday=null, bmonth=null, byear=null, groupdate=null, address2=null, phone2=null], AddressDate [lastname= ,fname=test1342745566,  address=null, home=test1475480208, mobile=null, work=null, email=test963430001, email2=null, bday=null, bmonth=null, byear=null, groupdate=null, address2=null, phone2=null], AddressDate [lastname= ,fname=test1633339812,  address=null, home=, mobile=null, work=null, email=test-1210181164, email2=null, bday=null, bmonth=null, byear=null, groupdate=null, address2=null, phone2=null], AddressDate [lastname= ,fname=test1705130742,  address=null, home=test-941816714, mobile=null, work=null, email=test130592620, email2=null, bday=null, bmonth=null, byear=null, groupdate=null, address2=null, phone2=null], AddressDate [lastname= ,fname=test1925972037,  address=null, home=, mobile=null, work=null, email=test-1068091960, email2=null, bday=null, bmonth=null, byear=null, groupdate=null, address2=null, phone2=null], AddressDate [lastname= ,fname=test541380731,  address=null, home=test-1854661648, mobile=null, work=null, email=test-220470787, email2=null, bday=null, bmonth=null, byear=null, groupdate=null, address2=null, phone2=null], AddressDate [lastname= ,fname=test97743923,  address=null, home=test-1459190317, mobile=null, work=null, email= , email2=null, bday=null, bmonth=null, byear=null, groupdate=null, address2=null, phone2=null], AddressDate [lastname=test-100182809,fname=test484017362,  address=null, home=test-190642635, mobile=null, work=null, email=test2037749577, email2=null, bday=null, bmonth=null, byear=null, groupdate=null, address2=null, phone2=null], AddressDate [lastname=test-1143096963,fname=test-1110043187,  address=null, home=test-224934943, mobile=null, work=null, email= , email2=null, bday=null, bmonth=null, byear=null, groupdate=null, address2=null, phone2=null], AddressDate [lastname=test-1143096963,fname=test-1110043187,  address=null, home=test-224934943, mobile=null, work=null, email= , email2=null, bday=null, bmonth=null, byear=null, groupdate=null, address2=null, phone2=null], AddressDate [lastname=test-1143096963,fname=test-1110043187,  address=null, home=test-224934943, mobile=null, work=null, email= , email2=null, bday=null, bmonth=null, byear=null, groupdate=null, address2=null, phone2=null], AddressDate [lastname=test-1143096963,fname=test-1110043187,  address=null, home=test-224934943, mobile=null, work=null, email= , email2=null, bday=null, bmonth=null, byear=null, groupdate=null, address2=null, phone2=null], AddressDate [lastname=test-1143096963,fname=test-1110043187,  address=null, home=test-224934943, mobile=null, work=null, email= , email2=null, bday=null, bmonth=null, byear=null, groupdate=null, address2=null, phone2=null], AddressDate [lastname=test-1143096963,fname=test-1110043187,  address=null, home=test-224934943, mobile=null, work=null, email= , email2=null, bday=null, bmonth=null, byear=null, groupdate=null, address2=null, phone2=null], AddressDate [lastname=test-1143096963,fname=test-1110043187,  address=null, home=test-224934943, mobile=null, work=null, email= , email2=null, bday=null, bmonth=null, byear=null, groupdate=null, address2=null, phone2=null], AddressDate [lastname=test-1143096963,fname=test-1110043187,  address=null, home=test-224934943, mobile=null, work=null, email= , email2=null, bday=null, bmonth=null, byear=null, groupdate=null, address2=null, phone2=null], AddressDate [lastname=test-1143096963,fname=test-1110043187,  address=null, home=test-224934943, mobile=null, work=null, email= , email2=null, bday=null, bmonth=null, byear=null, groupdate=null, address2=null, phone2=null]]]]><![CDATA[>
	at org.hamcrest.MatcherAssert.assertThat(MatcherAssert.java:20)
	at org.junit.Assert.assertThat(Assert.java:865)
	at org.junit.Assert.assertThat(Assert.java:832)
	at com.example.tests.AddressRemoveTest.deleteAddress(AddressRemoveTest.java:28)
	at sun.reflect.NativeMethodAccessorImpl.invoke0(Native Method)
	at sun.reflect.NativeMethodAccessorImpl.invoke(Unknown Source)
	at sun.reflect.DelegatingMethodAccessorImpl.invoke(Unknown Source)
	at java.lang.reflect.Method.invoke(Unknown Source)
	at org.testng.internal.MethodInvocationHelper.invokeMethod(MethodInvocationHelper.java:84)
	at org.testng.internal.Invoker.invokeMethod(Invoker.java:714)
	at org.testng.internal.Invoker.invokeTestMethod(Invoker.java:901)
	at org.testng.internal.Invoker.invokeTestMethods(Invoker.java:1231)
	at org.testng.internal.TestMethodWorker.invokeTestMethods(TestMethodWorker.java:127)
	at org.testng.internal.TestMethodWorker.run(TestMethodWorker.java:111)
	at org.testng.TestRunner.privateRun(TestRunner.java:767)
	at org.testng.TestRunner.run(TestRunner.java:617)
	at org.testng.SuiteRunner.runTest(SuiteRunner.java:334)
	at org.testng.SuiteRunner.runSequentially(SuiteRunner.java:329)
	at org.testng.SuiteRunner.privateRun(SuiteRunner.java:291)
	at org.testng.SuiteRunner.run(SuiteRunner.java:240)
	at org.testng.SuiteRunnerWorker.runSuite(SuiteRunnerWorker.java:52)
	at org.testng.SuiteRunnerWorker.run(SuiteRunnerWorker.java:86)
	at org.testng.TestNG.runSuitesSequentially(TestNG.java:1224)
	at org.testng.TestNG.runSuitesLocally(TestNG.java:1149)
	at org.testng.TestNG.run(TestNG.java:1057)
	at org.testng.remote.RemoteTestNG.run(RemoteTestNG.java:111)
	at org.testng.remote.RemoteTestNG.initAndRun(RemoteTestNG.java:204)
	at org.testng.remote.RemoteTestNG.main(RemoteTestNG.java:175)
]]>
    </failure>
  </testcase> <!-- deleteAddress -->
  <testcase name="testGroupCreationwithValidData" time="7.916" classname="com.example.tests.GroupeCreationTests"/>
  <testcase name="testGroupCreationwithValidData" time="4.976" classname="com.example.tests.GroupeCreationTests"/>
  <testcase name="testGroupCreationwithValidData" time="5.286" classname="com.example.tests.GroupeCreationTests"/>
  <testcase name="modifyGroup" time="5.128" classname="com.example.tests.GroupeMidifyTest"/>
  <testcase name="modifyGroup" time="5.198" classname="com.example.tests.GroupeMidifyTest"/>
  <testcase name="modifyGroup" time="5.265" classname="com.example.tests.GroupeMidifyTest"/>
  <testcase name="deleteGroup" time="4.031" classname="com.example.tests.GroupeRemoveTest"/>
  <testcase name="deleteGroup" time="4.291" classname="com.example.tests.GroupeRemoveTest"/>
  <testcase name="deleteGroup" time="4.23" classname="com.example.tests.GroupeRemoveTest"/>
</testsuite> <!-- Default test -->
