<?xml version="1.0" encoding="UTF-8"?>
<!-- Generated by org.testng.reporters.JUnitXMLReporter -->
<testsuite hostname="gazmeeva-s" name="Default test" tests="6" failures="0" timestamp="26 Jan 2015 13:02:30 GMT" time="0.088" errors="0">
  <testcase name="@AfterTest tearDown" time="0.0" classname="com.example.tests.AddressRemoveTest">
    <failure type="java.lang.NullPointerException">
      <![CDATA[java.lang.NullPointerException
	at com.example.fw.ApplicationManager.stop(ApplicationManager.java:39)
	at com.example.tests.TestBase.tearDown(TestBase.java:48)
	at sun.reflect.NativeMethodAccessorImpl.invoke0(Native Method)
	at sun.reflect.NativeMethodAccessorImpl.invoke(Unknown Source)
	at sun.reflect.DelegatingMethodAccessorImpl.invoke(Unknown Source)
	at java.lang.reflect.Method.invoke(Unknown Source)
	at org.testng.internal.MethodInvocationHelper.invokeMethod(MethodInvocationHelper.java:84)
	at org.testng.internal.Invoker.invokeConfigurationMethod(Invoker.java:564)
	at org.testng.internal.Invoker.invokeConfigurations(Invoker.java:213)
	at org.testng.internal.Invoker.invokeConfigurations(Invoker.java:138)
	at org.testng.TestRunner.afterRun(TestRunner.java:1014)
	at org.testng.TestRunner.run(TestRunner.java:621)
	at org.testng.SuiteRunner.runTest(SuiteRunner.java:334)
	at org.testng.SuiteRunner.runSequentially(SuiteRunner.java:329)
	at org.testng.SuiteRunner.privateRun(SuiteRunner.java:291)
	at org.testng.SuiteRunner.run(SuiteRunner.java:240)
	at org.testng.SuiteRunnerWorker.runSuite(SuiteRunnerWorker.java:52)
	at org.testng.SuiteRunnerWorker.run(SuiteRunnerWorker.java:86)
	at org.testng.TestNG.runSuitesSequentially(TestNG.java:1224)
	at org.testng.TestNG.runSuitesLocally(TestNG.java:1149)
	at org.testng.TestNG.run(TestNG.java:1057)
	at org.testng.remote.RemoteTestNG.run(RemoteTestNG.java:111)
	at org.testng.remote.RemoteTestNG.initAndRun(RemoteTestNG.java:204)
	at org.testng.remote.RemoteTestNG.main(RemoteTestNG.java:175)
]]>
    </failure>
  </testcase> <!-- @AfterTest tearDown -->
  <testcase name="testAddressCreationwithValidData" time="0.004" classname="com.example.tests.AddressCreateTest">
    <skipped/>
  </testcase> <!-- testAddressCreationwithValidData -->
  <testcase name="modifyAddress" time="0.001" classname="com.example.tests.AddressModifyTest">
    <skipped/>
  </testcase> <!-- modifyAddress -->
  <testcase name="deleteAddress" time="0.002" classname="com.example.tests.AddressRemoveTest">
    <skipped/>
  </testcase> <!-- deleteAddress -->
  <testcase name="testGroupCreationwithValidData" time="0.001" classname="com.example.tests.GroupeCreationTests">
    <skipped/>
  </testcase> <!-- testGroupCreationwithValidData -->
  <testcase name="modifyGroup" time="0.001" classname="com.example.tests.GroupeMidifyTest">
    <skipped/>
  </testcase> <!-- modifyGroup -->
  <testcase name="deleteGroup" time="0.001" classname="com.example.tests.GroupeRemoveTest">
    <skipped/>
  </testcase> <!-- deleteGroup -->
</testsuite> <!-- Default test -->
