<?xml version="1.0" encoding="UTF-8"?>
<!-- Generated by org.testng.reporters.JUnitXMLReporter -->
<testsuite hostname="gazmeeva-s" name="Default test" tests="4" failures="0" timestamp="16 Dec 2014 13:38:53 GMT" time="21.474" errors="0">
  <testcase name="testEmptyPhoneCreation" time="4.452" classname="com.example.tests.AdressCreateTest"/>
  <testcase name="testNonEmptyPhoneCreation" time="3.073" classname="com.example.tests.AdressCreateTest"/>
  <testcase name="testEmptyGroupCreation" time="2.165" classname="com.example.tests.GroupeCreationTests"/>
  <testcase name="testNonEmptyGroupCreation" time="2.033" classname="com.example.tests.GroupeCreationTests"/>
</testsuite> <!-- Default test -->
