<?xml version="1.0" encoding="UTF-8"?>
<!-- Generated by org.testng.reporters.JUnitXMLReporter -->
<testsuite hostname="Kolosov-PC" name="Default test" tests="4" failures="0" timestamp="14 Dec 2014 13:11:30 GMT" time="12.474" errors="0">
  <testcase name="testEmptyPhoneCreation" time="2.063" classname="com.example.tests.AdressCreateTest"/>
  <testcase name="testNonEmptyPhoneCreation" time="2.167" classname="com.example.tests.AdressCreateTest"/>
  <testcase name="testEmptyGroupCreation" time="1.136" classname="com.example.tests.GroupeCreationTests"/>
  <testcase name="testNonEmptyGroupCreation" time="1.108" classname="com.example.tests.GroupeCreationTests"/>
</testsuite> <!-- Default test -->
