<?xml version="1.0" encoding="UTF-8"?>
<!-- Generated by org.testng.reporters.JUnitXMLReporter -->
<testsuite hostname="Kolosov-PC" name="Default test" tests="5" failures="0" timestamp="6 Jan 2015 21:41:43 GMT" time="83.141" errors="0">
  <testcase name="modifyAddress" time="17.703" classname="com.example.tests.AddressModifyTest"/>
  <testcase name="modifyAddress" time="14.614" classname="com.example.tests.AddressModifyTest"/>
  <testcase name="modifyAddress" time="14.212" classname="com.example.tests.AddressModifyTest"/>
  <testcase name="modifyAddress" time="15.01" classname="com.example.tests.AddressModifyTest"/>
  <testcase name="modifyAddress" time="14.318" classname="com.example.tests.AddressModifyTest"/>
</testsuite> <!-- Default test -->
