<?xml version="1.0" encoding="UTF-8"?>
<!-- Generated by org.testng.reporters.JUnitXMLReporter -->
<testsuite hostname="gazmeeva-s" name="Default test" tests="4" failures="0" timestamp="16 Dec 2014 11:46:05 GMT" time="21.055" errors="0">
  <testcase name="testEmptyPhoneCreation" time="4.52" classname="com.example.tests.AdressCreateTest"/>
  <testcase name="testNonEmptyPhoneCreation" time="3.208" classname="com.example.tests.AdressCreateTest"/>
  <testcase name="testEmptyGroupCreation" time="2.345" classname="com.example.tests.GroupeCreationTests"/>
  <testcase name="testNonEmptyGroupCreation" time="1.997" classname="com.example.tests.GroupeCreationTests"/>
</testsuite> <!-- Default test -->
