<?xml version="1.0" encoding="UTF-8"?>
<!-- Generated by org.testng.reporters.JUnitXMLReporter -->
<testsuite hostname="gazmeeva-s" name="Default test" tests="12" failures="0" timestamp="12 Jan 2015 12:24:16 GMT" time="230.917" errors="0">
  <testcase name="testAddressCreationwithValidData" time="54.224" classname="com.example.tests.AdressCreateTest"/>
  <testcase name="testAddressCreationwithValidData" time="29.042" classname="com.example.tests.AdressCreateTest"/>
  <testcase name="modifyAddress" time="27.375" classname="com.example.tests.AddressModifyTest"/>
  <testcase name="modifyAddress" time="25.573" classname="com.example.tests.AddressModifyTest"/>
  <testcase name="deleteAddress" time="21.777" classname="com.example.tests.AddressRemoveTest"/>
  <testcase name="deleteAddress" time="22.036" classname="com.example.tests.AddressRemoveTest"/>
  <testcase name="testGroupCreationwithValidData" time="8.861" classname="com.example.tests.GroupeCreationTests"/>
  <testcase name="testGroupCreationwithValidData" time="5.57" classname="com.example.tests.GroupeCreationTests"/>
  <testcase name="modifyGroup" time="5.671" classname="com.example.tests.GroupeMidifyTest"/>
  <testcase name="modifyGroup" time="5.847" classname="com.example.tests.GroupeMidifyTest"/>
  <testcase name="deleteGroup" time="4.303" classname="com.example.tests.GroupeRemoveTest"/>
  <testcase name="deleteGroup" time="4.185" classname="com.example.tests.GroupeRemoveTest"/>
</testsuite> <!-- Default test -->
