<?xml version="1.0" encoding="UTF-8"?>
<!-- Generated by org.testng.reporters.JUnitXMLReporter -->
<testsuite hostname="gazmeeva-s" name="Default test" tests="12" failures="0" timestamp="26 Jan 2015 07:48:37 GMT" time="178.696" errors="0">
  <testcase name="testAddressCreationwithValidData" time="36.546" classname="com.example.tests.AdressCreateTest"/>
  <testcase name="testAddressCreationwithValidData" time="19.172" classname="com.example.tests.AdressCreateTest"/>
  <testcase name="modifyAddress" time="26.471" classname="com.example.tests.AddressModifyTest"/>
  <testcase name="modifyAddress" time="19.822" classname="com.example.tests.AddressModifyTest"/>
  <testcase name="deleteAddress" time="12.213" classname="com.example.tests.AddressRemoveTest"/>
  <testcase name="deleteAddress" time="12.294" classname="com.example.tests.AddressRemoveTest"/>
  <testcase name="testGroupCreationwithValidData" time="5.43" classname="com.example.tests.GroupeCreationTests"/>
  <testcase name="testGroupCreationwithValidData" time="3.114" classname="com.example.tests.GroupeCreationTests"/>
  <testcase name="modifyGroup" time="3.139" classname="com.example.tests.GroupeMidifyTest"/>
  <testcase name="modifyGroup" time="3.083" classname="com.example.tests.GroupeMidifyTest"/>
  <testcase name="deleteGroup" time="2.272" classname="com.example.tests.GroupeRemoveTest"/>
  <testcase name="deleteGroup" time="2.325" classname="com.example.tests.GroupeRemoveTest"/>
</testsuite> <!-- Default test -->
