<?xml version="1.0" encoding="UTF-8"?>
<!-- Generated by org.testng.reporters.JUnitXMLReporter -->
<testsuite hostname="gazmeeva-s" name="Default test" tests="4" failures="0" timestamp="16 Dec 2014 13:14:37 GMT" time="25.68" errors="0">
  <testcase name="testEmptyPhoneCreation" time="4.743" classname="com.example.tests.AdressCreateTest"/>
  <testcase name="testNonEmptyPhoneCreation" time="7.367" classname="com.example.tests.AdressCreateTest"/>
  <testcase name="testEmptyGroupCreation" time="2.145" classname="com.example.tests.GroupeCreationTests"/>
  <testcase name="testNonEmptyGroupCreation" time="2.564" classname="com.example.tests.GroupeCreationTests"/>
</testsuite> <!-- Default test -->
