<?xml version="1.0" encoding="UTF-8"?>
<!-- Generated by org.testng.reporters.JUnitXMLReporter -->
<testsuite hostname="gazmeeva-s" name="Default test" tests="5" failures="0" timestamp="30 Dec 2014 08:16:24 GMT" time="46.378" errors="0">
  <testcase name="testAddressCreationwithValidData" time="7.46" classname="com.example.tests.AdressCreateTest"/>
  <testcase name="testAddressCreationwithValidData" time="7.072" classname="com.example.tests.AdressCreateTest"/>
  <testcase name="testAddressCreationwithValidData" time="7.146" classname="com.example.tests.AdressCreateTest"/>
  <testcase name="testAddressCreationwithValidData" time="7.174" classname="com.example.tests.AdressCreateTest"/>
  <testcase name="testAddressCreationwithValidData" time="7.512" classname="com.example.tests.AdressCreateTest"/>
</testsuite> <!-- Default test -->
