<?xml version="1.0" encoding="UTF-8"?>
<testng-results skipped="0" failed="0" total="12" passed="12">
  <reporter-output>
  </reporter-output>
  <suite name="Default suite" duration-ms="174933" started-at="2015-01-28T09:43:13Z" finished-at="2015-01-28T09:46:08Z">
    <groups>
    </groups>
    <test name="Default test" duration-ms="174933" started-at="2015-01-28T09:43:13Z" finished-at="2015-01-28T09:46:08Z">
      <class name="com.example.tests.AddressRemoveTest">
        <test-method status="PASS" signature="deleteAddress(com.example.tests.AddressData)[pri:0, instance:com.example.tests.AddressRemoveTest@3f3afe78]" name="deleteAddress" duration-ms="15037" started-at="2015-01-28T12:45:12Z" data-provider="addressFromFile" finished-at="2015-01-28T12:45:27Z">
          <params>
            <param index="0">
              <value>
                <![CDATA[AddressDate [lastname=test74900384,fname=test-1107665925,  address=test-795958385, home= , mobile=test-776586637, work= , email=test-1222962579, email2= , bday=1, bmonth=January, byear=1980, groupdate=group1, address2= , phone2=test-2073342351]]]>
              </value>
            </param>
          </params>
          <reporter-output>
          </reporter-output>
        </test-method> <!-- deleteAddress -->
        <test-method status="PASS" signature="deleteAddress(com.example.tests.AddressData)[pri:0, instance:com.example.tests.AddressRemoveTest@3f3afe78]" name="deleteAddress" duration-ms="16620" started-at="2015-01-28T12:45:27Z" data-provider="addressFromFile" finished-at="2015-01-28T12:45:44Z">
          <params>
            <param index="0">
              <value>
                <![CDATA[AddressDate [lastname=test-1571058135,fname=test-899315592,  address=test1073833039, home=test-1579408519, mobile=test1839804044, work=test-1567646241, email= , email2=test1691756729, bday=1, bmonth=January, byear=1980, groupdate=group1, address2= , phone2=test-1878469691]]]>
              </value>
            </param>
          </params>
          <reporter-output>
          </reporter-output>
        </test-method> <!-- deleteAddress -->
      </class> <!-- com.example.tests.AddressRemoveTest -->
      <class name="com.example.tests.GroupeCreationTests">
        <test-method status="PASS" signature="testGroupCreationwithValidData(com.example.tests.GroupData)[pri:0, instance:com.example.tests.GroupeCreationTests@39ba5a14]" name="testGroupCreationwithValidData" duration-ms="6984" started-at="2015-01-28T12:45:44Z" data-provider="groupsFromFile" finished-at="2015-01-28T12:45:51Z">
          <params>
            <param index="0">
              <value>
                <![CDATA[GroupDate [groupname=test9384384, header= ,footer=  ]]]>
              </value>
            </param>
          </params>
          <reporter-output>
          </reporter-output>
        </test-method> <!-- testGroupCreationwithValidData -->
        <test-method status="PASS" signature="testGroupCreationwithValidData(com.example.tests.GroupData)[pri:0, instance:com.example.tests.GroupeCreationTests@39ba5a14]" name="testGroupCreationwithValidData" duration-ms="3871" started-at="2015-01-28T12:45:51Z" data-provider="groupsFromFile" finished-at="2015-01-28T12:45:54Z">
          <params>
            <param index="0">
              <value>
                <![CDATA[GroupDate [groupname= , header= ,footer=test1197385022 ]]]>
              </value>
            </param>
          </params>
          <reporter-output>
          </reporter-output>
        </test-method> <!-- testGroupCreationwithValidData -->
      </class> <!-- com.example.tests.GroupeCreationTests -->
      <class name="com.example.tests.AddressModifyTest">
        <test-method status="PASS" signature="modifyAddress(com.example.tests.AddressData)[pri:0, instance:com.example.tests.AddressModifyTest@7f63425a]" name="modifyAddress" duration-ms="22825" started-at="2015-01-28T12:44:27Z" data-provider="addressFromFile" finished-at="2015-01-28T12:44:49Z">
          <params>
            <param index="0">
              <value>
                <![CDATA[AddressDate [lastname=test74900384,fname=test-1107665925,  address=test-795958385, home= , mobile=test-776586637, work= , email=test-1222962579, email2= , bday=1, bmonth=January, byear=1980, groupdate=group1, address2= , phone2=test-2073342351]]]>
              </value>
            </param>
          </params>
          <reporter-output>
          </reporter-output>
        </test-method> <!-- modifyAddress -->
        <test-method status="PASS" signature="modifyAddress(com.example.tests.AddressData)[pri:0, instance:com.example.tests.AddressModifyTest@7f63425a]" name="modifyAddress" duration-ms="22539" started-at="2015-01-28T12:44:49Z" data-provider="addressFromFile" finished-at="2015-01-28T12:45:12Z">
          <params>
            <param index="0">
              <value>
                <![CDATA[AddressDate [lastname=test-1571058135,fname=test-899315592,  address=test1073833039, home=test-1579408519, mobile=test1839804044, work=test-1567646241, email= , email2=test1691756729, bday=1, bmonth=January, byear=1980, groupdate=group1, address2= , phone2=test-1878469691]]]>
              </value>
            </param>
          </params>
          <reporter-output>
          </reporter-output>
        </test-method> <!-- modifyAddress -->
      </class> <!-- com.example.tests.AddressModifyTest -->
      <class name="com.example.tests.AddressCreateTest">
        <test-method status="PASS" signature="setUp()[pri:0, instance:com.example.tests.AddressCreateTest@27f674d]" name="setUp" is-config="true" duration-ms="19" started-at="2015-01-28T12:43:13Z" finished-at="2015-01-28T12:43:13Z">
          <reporter-output>
          </reporter-output>
        </test-method> <!-- setUp -->
        <test-method status="PASS" signature="testAddressCreationwithValidData(com.example.tests.AddressData)[pri:0, instance:com.example.tests.AddressCreateTest@27f674d]" name="testAddressCreationwithValidData" duration-ms="51758" started-at="2015-01-28T12:43:14Z" data-provider="addressFromFile" finished-at="2015-01-28T12:44:05Z">
          <params>
            <param index="0">
              <value>
                <![CDATA[AddressDate [lastname=test74900384,fname=test-1107665925,  address=test-795958385, home= , mobile=test-776586637, work= , email=test-1222962579, email2= , bday=1, bmonth=January, byear=1980, groupdate=group1, address2= , phone2=test-2073342351]]]>
              </value>
            </param>
          </params>
          <reporter-output>
          </reporter-output>
        </test-method> <!-- testAddressCreationwithValidData -->
        <test-method status="PASS" signature="testAddressCreationwithValidData(com.example.tests.AddressData)[pri:0, instance:com.example.tests.AddressCreateTest@27f674d]" name="testAddressCreationwithValidData" duration-ms="21207" started-at="2015-01-28T12:44:05Z" data-provider="addressFromFile" finished-at="2015-01-28T12:44:27Z">
          <params>
            <param index="0">
              <value>
                <![CDATA[AddressDate [lastname=test-1571058135,fname=test-899315592,  address=test1073833039, home=test-1579408519, mobile=test1839804044, work=test-1567646241, email= , email2=test1691756729, bday=1, bmonth=January, byear=1980, groupdate=group1, address2= , phone2=test-1878469691]]]>
              </value>
            </param>
          </params>
          <reporter-output>
          </reporter-output>
        </test-method> <!-- testAddressCreationwithValidData -->
        <test-method status="PASS" signature="tearDown()[pri:0, instance:com.example.tests.AddressCreateTest@27f674d]" name="tearDown" is-config="true" duration-ms="415" started-at="2015-01-28T12:46:08Z" finished-at="2015-01-28T12:46:08Z">
          <reporter-output>
          </reporter-output>
        </test-method> <!-- tearDown -->
      </class> <!-- com.example.tests.AddressCreateTest -->
      <class name="com.example.tests.GroupeRemoveTest">
        <test-method status="PASS" signature="deleteGroup(com.example.tests.GroupData)[pri:0, instance:com.example.tests.GroupeRemoveTest@880ec60]" name="deleteGroup" duration-ms="3303" started-at="2015-01-28T12:46:02Z" data-provider="groupsFromFile" finished-at="2015-01-28T12:46:05Z">
          <params>
            <param index="0">
              <value>
                <![CDATA[GroupDate [groupname=test9384384, header= ,footer=  ]]]>
              </value>
            </param>
          </params>
          <reporter-output>
          </reporter-output>
        </test-method> <!-- deleteGroup -->
        <test-method status="PASS" signature="deleteGroup(com.example.tests.GroupData)[pri:0, instance:com.example.tests.GroupeRemoveTest@880ec60]" name="deleteGroup" duration-ms="2908" started-at="2015-01-28T12:46:05Z" data-provider="groupsFromFile" finished-at="2015-01-28T12:46:08Z">
          <params>
            <param index="0">
              <value>
                <![CDATA[GroupDate [groupname= , header= ,footer=test1197385022 ]]]>
              </value>
            </param>
          </params>
          <reporter-output>
          </reporter-output>
        </test-method> <!-- deleteGroup -->
      </class> <!-- com.example.tests.GroupeRemoveTest -->
      <class name="com.example.tests.GroupeMidifyTest">
        <test-method status="PASS" signature="modifyGroup(com.example.tests.GroupData)[pri:0, instance:com.example.tests.GroupeMidifyTest@36d64342]" name="modifyGroup" duration-ms="3541" started-at="2015-01-28T12:45:54Z" finished-at="2015-01-28T12:45:58Z">
          <params>
            <param index="0">
              <value>
                <![CDATA[GroupDate [groupname=test9384384, header= ,footer=  ]]]>
              </value>
            </param>
          </params>
          <reporter-output>
          </reporter-output>
        </test-method> <!-- modifyGroup -->
        <test-method status="PASS" signature="modifyGroup(com.example.tests.GroupData)[pri:0, instance:com.example.tests.GroupeMidifyTest@36d64342]" name="modifyGroup" duration-ms="3594" started-at="2015-01-28T12:45:58Z" finished-at="2015-01-28T12:46:02Z">
          <params>
            <param index="0">
              <value>
                <![CDATA[GroupDate [groupname= , header= ,footer=test1197385022 ]]]>
              </value>
            </param>
          </params>
          <reporter-output>
          </reporter-output>
        </test-method> <!-- modifyGroup -->
      </class> <!-- com.example.tests.GroupeMidifyTest -->
    </test> <!-- Default test -->
  </suite> <!-- Default suite -->
</testng-results>
