<?xml version="1.0" encoding="UTF-8"?>
<testng-results skipped="0" failed="0" total="1" passed="1">
  <reporter-output>
  </reporter-output>
  <suite name="Default suite" duration-ms="7238" started-at="2014-12-20T21:09:45Z" finished-at="2014-12-20T21:09:52Z">
    <groups>
    </groups>
    <test name="Default test" duration-ms="7238" started-at="2014-12-20T21:09:45Z" finished-at="2014-12-20T21:09:52Z">
      <class name="com.example.tests.AddressModifyTest">
        <test-method status="PASS" signature="setUp()[pri:0, instance:com.example.tests.AddressModifyTest@42bbf4]" name="setUp" is-config="true" duration-ms="5285" started-at="2014-12-21T00:09:45Z" finished-at="2014-12-21T00:09:50Z">
          <reporter-output>
          </reporter-output>
        </test-method> <!-- setUp -->
        <test-method status="PASS" signature="modifyAddress()[pri:0, instance:com.example.tests.AddressModifyTest@42bbf4]" name="modifyAddress" duration-ms="1744" started-at="2014-12-21T00:09:50Z" finished-at="2014-12-21T00:09:52Z">
          <reporter-output>
          </reporter-output>
        </test-method> <!-- modifyAddress -->
        <test-method status="PASS" signature="tearDown()[pri:0, instance:com.example.tests.AddressModifyTest@42bbf4]" name="tearDown" is-config="true" duration-ms="200" started-at="2014-12-21T00:09:52Z" finished-at="2014-12-21T00:09:52Z">
          <reporter-output>
          </reporter-output>
        </test-method> <!-- tearDown -->
      </class> <!-- com.example.tests.AddressModifyTest -->
    </test> <!-- Default test -->
  </suite> <!-- Default suite -->
</testng-results>
